#
# There is insufficient memory for the Java Runtime Environment to continue.
# Native memory allocation (mmap) failed to map 134217728 bytes for Failed to commit area from 0x0000000081800000 to 0x0000000089800000 of length 134217728.
# Possible reasons:
#   The system is out of physical RAM or swap space
#   The process is running with CompressedOops enabled, and the Java Heap may be blocking the growth of the native heap
# Possible solutions:
#   Reduce memory load on the system
#   Increase physical memory or swap space
#   Check if swap backing store is full
#   Decrease Java heap size (-Xmx/-Xms)
#   Decrease number of Java threads
#   Decrease Java thread stack sizes (-Xss)
#   Set larger code cache with -XX:ReservedCodeCacheSize=
# This output file may be truncated or incomplete.
#
#  Out of Memory Error (./open/src/hotspot/os/windows/os_windows.cpp:3273), pid=20320, tid=31192
#
# JRE version:  (11.0.12+8) (build )
# Java VM: Java HotSpot(TM) 64-Bit Server VM (11.0.12+8-LTS-237, mixed mode, sharing, tiered, compressed oops, g1 gc, windows-amd64)
# No core dump will be written. Minidumps are not enabled by default on client versions of Windows
#

---------------  S U M M A R Y ------------

Command Line: -Dfile.encoding=UTF-8 --module-path=C:\dev\mysql-connector-java-8.0.27\mysql-connector-java-8.0.27.jar view.SecondFrame

Host: Intel(R) Core(TM) i5-5250U CPU @ 1.60GHz, 4 cores, 7G,  Windows 10 , 64 bit Build 19041 (10.0.19041.1202)
Time: Sun Oct 31 05:19:28 2021 대한민국 표준시 elapsed time: 0.043464 seconds (0d 0h 0m 0s)

---------------  T H R E A D  ---------------

Current thread (0x0000025bd1dcb800):  JavaThread "Unknown thread" [_thread_in_vm, id=31192, stack(0x0000006499d00000,0x0000006499e00000)]

Stack: [0x0000006499d00000,0x0000006499e00000]
Native frames: (J=compiled Java code, j=interpreted, Vv=VM code, C=native code)
V  [jvm.dll+0x617d9a]
V  [jvm.dll+0x74eeef]
V  [jvm.dll+0x750599]
V  [jvm.dll+0x750c23]
V  [jvm.dll+0x2438d8]
V  [jvm.dll+0x61518a]
V  [jvm.dll+0x609f45]
V  [jvm.dll+0x2f85cc]
V  [jvm.dll+0x2f8452]
V  [jvm.dll+0x2fd106]
V  [jvm.dll+0x33f6ef]
V  [jvm.dll+0x33f120]
V  [jvm.dll+0x2d5ca8]
V  [jvm.dll+0x2d6e06]
V  [jvm.dll+0x72a977]
V  [jvm.dll+0x72c21f]
V  [jvm.dll+0x34c469]
V  [jvm.dll+0x710400]
V  [jvm.dll+0x3b5baf]
V  [jvm.dll+0x3b7cb1]
C  [jli.dll+0x520b]
C  [ucrtbase.dll+0x21bb2]
C  [KERNEL32.DLL+0x17034]
C  [ntdll.dll+0x52651]


---------------  P R O C E S S  ---------------

Threads class SMR info:
_java_thread_list=0x0000025bcfccee40, length=0, elements={
}

Java Threads: ( => current thread )

Other Threads:
  0x0000025bd1de2000 GCTaskThread "GC Thread#0" [stack: 0x0000006499e00000,0x0000006499f00000] [id=40724]
  0x0000025bd1e0e000 ConcurrentGCThread "G1 Main Marker" [stack: 0x0000006499f00000,0x000000649a000000] [id=38344]
  0x0000025bd1e0f000 ConcurrentGCThread "G1 Conc#0" [stack: 0x000000649a000000,0x000000649a100000] [id=33524]

[error occurred during error reporting (printing all threads), id 0xc0000005, EXCEPTION_ACCESS_VIOLATION (0xc0000005) at pc=0x00007ff97fd44f37]

VM state:not at safepoint (not fully initialized)

VM Mutex/Monitor currently owned by a thread:  ([mutex/lock_event])
[0x0000025bd1dc7c50] Heap_lock - owner thread: 0x0000025bd1dcb800

Heap address: 0x0000000081800000, size: 2024 MB, Compressed Oops mode: Non-zero based: 0x0000000081800000
Narrow klass base: 0x0000000000000000, Narrow klass shift: 0

GC Heap History (0 events):
No events

Deoptimization events (0 events):
No events

Classes redefined (0 events):
No events

Internal exceptions (0 events):
No events

Events (0 events):
No events


Dynamic libraries:
0x00007ff62af00000 - 0x00007ff62af0f000 	C:\Program Files\Java\jdk-11.0.12\bin\javaw.exe
0x00007ff9d6e30000 - 0x00007ff9d7025000 	C:\WINDOWS\SYSTEM32\ntdll.dll
0x00007ff9d6000000 - 0x00007ff9d60be000 	C:\WINDOWS\System32\KERNEL32.DLL
0x00007ff9d4660000 - 0x00007ff9d4929000 	C:\WINDOWS\System32\KERNELBASE.dll
0x00007ff9d4d20000 - 0x00007ff9d4e20000 	C:\WINDOWS\System32\ucrtbase.dll
0x00007ff9cea80000 - 0x00007ff9cea95000 	C:\Program Files\Java\jdk-11.0.12\bin\VCRUNTIME140.dll
0x00007ff9cfa30000 - 0x00007ff9cfa48000 	C:\Program Files\Java\jdk-11.0.12\bin\jli.dll
0x00007ff9d6b20000 - 0x00007ff9d6bcc000 	C:\WINDOWS\System32\ADVAPI32.dll
0x00007ff9d6760000 - 0x00007ff9d67fe000 	C:\WINDOWS\System32\msvcrt.dll
0x00007ff9d6bd0000 - 0x00007ff9d6c6b000 	C:\WINDOWS\System32\sechost.dll
0x00007ff9d5e40000 - 0x00007ff9d5f6a000 	C:\WINDOWS\System32\RPCRT4.dll
0x00007ff9d61a0000 - 0x00007ff9d6341000 	C:\WINDOWS\System32\USER32.dll
0x00007ff9d4930000 - 0x00007ff9d4952000 	C:\WINDOWS\System32\win32u.dll
0x00007ff9d5f70000 - 0x00007ff9d5f9b000 	C:\WINDOWS\System32\GDI32.dll
0x00007ff9d4550000 - 0x00007ff9d465b000 	C:\WINDOWS\System32\gdi32full.dll
0x00007ff9d4c50000 - 0x00007ff9d4ced000 	C:\WINDOWS\System32\msvcp_win.dll
0x00007ff9c2130000 - 0x00007ff9c23ca000 	C:\WINDOWS\WinSxS\amd64_microsoft.windows.common-controls_6595b64144ccf1df_6.0.19041.1110_none_60b5254171f9507e\COMCTL32.dll
0x00007ff9cca60000 - 0x00007ff9cca6a000 	C:\WINDOWS\SYSTEM32\VERSION.dll
0x00007ff9d6730000 - 0x00007ff9d6760000 	C:\WINDOWS\System32\IMM32.DLL
0x00007ff9c0a70000 - 0x00007ff9c0b0b000 	C:\Program Files\Java\jdk-11.0.12\bin\msvcp140.dll
0x00007ff97fa60000 - 0x00007ff98055f000 	C:\Program Files\Java\jdk-11.0.12\bin\server\jvm.dll
0x00007ff9d4ee0000 - 0x00007ff9d4ee8000 	C:\WINDOWS\System32\PSAPI.DLL
0x00007ff9cea70000 - 0x00007ff9cea79000 	C:\WINDOWS\SYSTEM32\WSOCK32.dll
0x00007ff9c0040000 - 0x00007ff9c0067000 	C:\WINDOWS\SYSTEM32\WINMM.dll
0x00007ff9d6820000 - 0x00007ff9d688b000 	C:\WINDOWS\System32\WS2_32.dll
0x00007ff9d2dd0000 - 0x00007ff9d2de2000 	C:\WINDOWS\SYSTEM32\kernel.appcore.dll
0x00007ff9cea10000 - 0x00007ff9cea20000 	C:\Program Files\Java\jdk-11.0.12\bin\verify.dll
0x00007ff9ccdc0000 - 0x00007ff9ccfa4000 	C:\WINDOWS\SYSTEM32\DBGHELP.DLL
0x00007ff9ccd70000 - 0x00007ff9ccd9c000 	C:\WINDOWS\SYSTEM32\dbgcore.DLL
0x00007ff9d4b70000 - 0x00007ff9d4bf3000 	C:\WINDOWS\System32\bcryptPrimitives.dll
0x00007ff9cde00000 - 0x00007ff9cde28000 	C:\Program Files\Java\jdk-11.0.12\bin\java.dll
0x00007ff9cea00000 - 0x00007ff9cea0a000 	C:\Program Files\Java\jdk-11.0.12\bin\jimage.dll
0x00007ff9ce6d0000 - 0x00007ff9ce6e6000 	C:\Program Files\Java\jdk-11.0.12\bin\zip.dll

dbghelp: loaded successfully - version: 4.0.5 - missing functions: none
symbol engine: initialized successfully - sym options: 0x614 - pdb path: .;C:\Program Files\Java\jdk-11.0.12\bin;C:\WINDOWS\SYSTEM32;C:\WINDOWS\WinSxS\amd64_microsoft.windows.common-controls_6595b64144ccf1df_6.0.19041.1110_none_60b5254171f9507e;C:\Program Files\Java\jdk-11.0.12\bin\server

VM Arguments:
jvm_args: -Dfile.encoding=UTF-8 --module-path=C:\dev\mysql-connector-java-8.0.27\mysql-connector-java-8.0.27.jar 
java_command: view.SecondFrame
java_class_path (initial): C:\dev\workspace\project\bin
Launcher Type: SUN_STANDARD

[Global flags]
     intx CICompilerCount                          = 3                                         {product} {ergonomic}
     uint ConcGCThreads                            = 1                                         {product} {ergonomic}
     uint G1ConcRefinementThreads                  = 4                                         {product} {ergonomic}
   size_t G1HeapRegionSize                         = 1048576                                   {product} {ergonomic}
    uintx GCDrainStackTargetSize                   = 64                                        {product} {ergonomic}
   size_t InitialHeapSize                          = 134217728                                 {product} {ergonomic}
   size_t MarkStackSize                            = 4194304                                   {product} {ergonomic}
   size_t MaxHeapSize                              = 2122317824                                {product} {ergonomic}
   size_t MinHeapDeltaBytes                        = 1048576                                   {product} {ergonomic}
    uintx NonNMethodCodeHeapSize                   = 5830732                                {pd product} {ergonomic}
    uintx NonProfiledCodeHeapSize                  = 122913754                              {pd product} {ergonomic}
    uintx ProfiledCodeHeapSize                     = 122913754                              {pd product} {ergonomic}
    uintx ReservedCodeCacheSize                    = 251658240                              {pd product} {ergonomic}
     bool SegmentedCodeCache                       = true                                      {product} {ergonomic}
     bool UseCompressedClassPointers               = true                                 {lp64_product} {ergonomic}
     bool UseCompressedOops                        = true                                 {lp64_product} {ergonomic}
     bool UseG1GC                                  = true                                      {product} {ergonomic}
     bool UseLargePagesIndividualAllocation        = false                                  {pd product} {ergonomic}

Logging:
Log output configuration:
 #0: stdout all=warning uptime,level,tags
 #1: stderr all=off uptime,level,tags

Environment Variables:
JAVA_HOME=C:\Program Files\Java\jdk-11.0.12
PATH=C:\Program Files (x86)\NAT Service;C:\Program Files (x86)\VMware\VMware Player\bin\;C:\Program Files\Common Files\Oracle\Java\javapath;C:\Program Files (x86)\Intel\iCLS Client\;C:\Program Files\Intel\iCLS Client\;C:\WINDOWS\system32;C:\WINDOWS;C:\WINDOWS\System32\Wbem;C:\WINDOWS\System32\WindowsPowerShell\v1.0\;C:\WINDOWS\System32\OpenSSH\;C:\Program Files (x86)\PuTTY\;C:\Program Files\Common Files\Autodesk Shared\;C:\Program Files\Microsoft SQL Server\120\Tools\Binn\;C:\ProgramData\chocolatey\bin;C:\Program Files\Git\cmd;C:\Program Files\Java\jdk-11.0.12\bin;C:\Program Files (x86)\NAT Service;C:\Program Files (x86)\VMware\VMware Player\bin\;C:\Program Files\Common Files\Oracle\Java\javapath;C:\Program Files (x86)\Intel\iCLS Client\;C:\Program Files\Intel\iCLS Client\;C:\WINDOWS\system32;C:\WINDOWS;C:\WINDOWS\System32\Wbem;C:\WINDOWS\System32\WindowsPowerShell\v1.0\;C:\WINDOWS\System32\OpenSSH\;C:\Program Files (x86)\PuTTY\;C:\Program Files\Common Files\Autodesk Shared\;C:\Program Files\Microsoft SQL Server\120\Tools\Binn\;C:\ProgramData\chocolatey\bin;C:\Program Files\Git\cmd;C:\Program Files\Java\jdk-11.0.12\bin;C:\Program Files\MySQL\MySQL Server 8.0\bin;C:\Program Files\OpenCV4.4.0\build\x64\vc15\bin;C:\Program Files\MySQL\MySQL Shell 8.0\bin\;C:\Program Files (x86)\NAT Service;C:\Program Files (x86)\VMware\VMware Player\bin\;C:\Program Files\Common Files\Oracle\Java\javapath;C:\Program Files (x86)\Intel\iCLS Client\;C:\Program Files\Intel\iCLS Client\;C:\WINDOWS\system32;C:\WINDOWS;C:\WINDOWS\System32\Wbem;C:\WINDOWS\System32\WindowsPowerShell\v1.0\;C:\WINDOWS\System32\OpenSSH\;C:\Program Files (x86)\PuTTY\;C:\Program Files\Common Files\Autodesk Shared\;C:\Program Files\Microsoft SQL Server\120\Tools\Binn\;C:\ProgramData\chocolatey\bin;C:\Program Files\Git\cmd;C:\Program Files\Java\jdk-11.0.12\bin;C:\Program Files\Java\jdk-11.0.12\bin;
USERNAME=Windows
OS=Windows_NT
PROCESSOR_IDENTIFIER=Intel64 Family 6 Model 61 Stepping 4, GenuineIntel



---------------  S Y S T E M  ---------------

OS: Windows 10 , 64 bit Build 19041 (10.0.19041.1202)

CPU:total 4 (initial active 4) (2 cores per cpu, 2 threads per core) family 6 model 61 stepping 4 microcode 0x2e, cmov, cx8, fxsr, mmx, sse, sse2, sse3, ssse3, sse4.1, sse4.2, popcnt, avx, avx2, aes, clmul, erms, 3dnowpref, lzcnt, ht, tsc, tscinvbit, bmi1, bmi2, adx, fma

Memory: 4k page, system-wide physical 8094M (1122M free)
TotalPageFile size 32199M (AvailPageFile size 19M)
current process WorkingSet (physical memory assigned to process): 10M, peak: 10M
current process commit charge ("private bytes"): 51M, peak: 179M

vm_info: Java HotSpot(TM) 64-Bit Server VM (11.0.12+8-LTS-237) for windows-amd64 JRE (11.0.12+8-LTS-237), built on Jun  8 2021 11:25:59 by "mach5one" with MS VC++ 15.9 (VS2017)

END.
