#
# There is insufficient memory for the Java Runtime Environment to continue.
# Native memory allocation (malloc) failed to allocate 1083536 bytes for Chunk::new
# Possible reasons:
#   The system is out of physical RAM or swap space
#   The process is running with CompressedOops enabled, and the Java Heap may be blocking the growth of the native heap
# Possible solutions:
#   Reduce memory load on the system
#   Increase physical memory or swap space
#   Check if swap backing store is full
#   Decrease Java heap size (-Xmx/-Xms)
#   Decrease number of Java threads
#   Decrease Java thread stack sizes (-Xss)
#   Set larger code cache with -XX:ReservedCodeCacheSize=
#   JVM is running with Unscaled Compressed Oops mode in which the Java heap is
#     placed in the first 4GB address space. The Java Heap base address is the
#     maximum limit for the native heap growth. Please use -XX:HeapBaseMinAddress
#     to set the Java Heap base and to place the Java Heap above 4GB virtual address.
# This output file may be truncated or incomplete.
#
#  Out of Memory Error (./open/src/hotspot/share/memory/arena.cpp:197), pid=38408, tid=29048
#
# JRE version: Java(TM) SE Runtime Environment 18.9 (11.0.12+8) (build 11.0.12+8-LTS-237)
# Java VM: Java HotSpot(TM) 64-Bit Server VM 18.9 (11.0.12+8-LTS-237, mixed mode, tiered, compressed oops, g1 gc, windows-amd64)
# No core dump will be written. Minidumps are not enabled by default on client versions of Windows
#

---------------  S U M M A R Y ------------

Command Line: -Dfile.encoding=UTF-8 --module-path=C:\dev\mysql-connector-java-8.0.27\mysql-connector-java-8.0.27.jar view.SecondFrame

Host: Intel(R) Core(TM) i5-5250U CPU @ 1.60GHz, 4 cores, 7G,  Windows 10 , 64 bit Build 19041 (10.0.19041.1202)
Time: Sun Oct 31 05:20:16 2021 대한민국 표준시 elapsed time: 0.819521 seconds (0d 0h 0m 0s)

---------------  T H R E A D  ---------------

Current thread (0x00000203dfc76000):  JavaThread "C2 CompilerThread1" daemon [_thread_in_native, id=29048, stack(0x000000d757300000,0x000000d757400000)]


Current CompileTask:
C2:    819  694       4       jdk.internal.org.objectweb.asm.Frame::execute (2264 bytes)

Stack: [0x000000d757300000,0x000000d757400000]
Native frames: (J=compiled Java code, j=interpreted, Vv=VM code, C=native code)
V  [jvm.dll+0x617d9a]
V  [jvm.dll+0x74eeef]
V  [jvm.dll+0x750599]
V  [jvm.dll+0x750c23]
V  [jvm.dll+0x2438d8]
V  [jvm.dll+0xba6dc]
V  [jvm.dll+0xbac9c]
V  [jvm.dll+0x346972]
V  [jvm.dll+0x3147a3]
V  [jvm.dll+0x313aea]
V  [jvm.dll+0x1fd105]
V  [jvm.dll+0x1fc2ed]
V  [jvm.dll+0x17f18c]
V  [jvm.dll+0x20b87c]
V  [jvm.dll+0x20997b]
V  [jvm.dll+0x716359]
V  [jvm.dll+0x70f064]
V  [jvm.dll+0x616f66]
C  [ucrtbase.dll+0x21bb2]
C  [KERNEL32.DLL+0x17034]
C  [ntdll.dll+0x52651]


---------------  P R O C E S S  ---------------

Threads class SMR info:
_java_thread_list=0x00000203dfd931d0, length=14, elements={
0x00000203c04b8800, 0x00000203df0d0800, 0x00000203df0db800, 0x00000203df9f3000,
0x00000203df0fb000, 0x00000203df0fc000, 0x00000203df0fe000, 0x00000203dfa44800,
0x00000203dfa5b800, 0x00000203df065800, 0x00000203dfc76000, 0x00000203dfda2000,
0x00000203dfda5800, 0x00000203dff8d000
}

Java Threads: ( => current thread )
  0x00000203c04b8800 JavaThread "main" [_thread_in_vm, id=22796, stack(0x000000d756300000,0x000000d756400000)]
  0x00000203df0d0800 JavaThread "Reference Handler" daemon [_thread_blocked, id=4848, stack(0x000000d756a00000,0x000000d756b00000)]
  0x00000203df0db800 JavaThread "Finalizer" daemon [_thread_blocked, id=24096, stack(0x000000d756b00000,0x000000d756c00000)]
  0x00000203df9f3000 JavaThread "Signal Dispatcher" daemon [_thread_blocked, id=25304, stack(0x000000d756c00000,0x000000d756d00000)]
  0x00000203df0fb000 JavaThread "Attach Listener" daemon [_thread_blocked, id=18124, stack(0x000000d756d00000,0x000000d756e00000)]
  0x00000203df0fc000 JavaThread "Service Thread" daemon [_thread_blocked, id=29120, stack(0x000000d756e00000,0x000000d756f00000)]
  0x00000203df0fe000 JavaThread "C2 CompilerThread0" daemon [_thread_in_native, id=14388, stack(0x000000d756f00000,0x000000d757000000)]
  0x00000203dfa44800 JavaThread "C1 CompilerThread0" daemon [_thread_blocked, id=9036, stack(0x000000d757000000,0x000000d757100000)]
  0x00000203dfa5b800 JavaThread "Sweeper thread" daemon [_thread_blocked, id=39256, stack(0x000000d757100000,0x000000d757200000)]
  0x00000203df065800 JavaThread "Common-Cleaner" daemon [_thread_blocked, id=19600, stack(0x000000d757200000,0x000000d757300000)]
=>0x00000203dfc76000 JavaThread "C2 CompilerThread1" daemon [_thread_in_native, id=29048, stack(0x000000d757300000,0x000000d757400000)]
  0x00000203dfda2000 JavaThread "Java2D Disposer" daemon [_thread_blocked, id=10796, stack(0x000000d757500000,0x000000d757600000)]
  0x00000203dfda5800 JavaThread "AWT-Shutdown" [_thread_blocked, id=37588, stack(0x000000d757600000,0x000000d757700000)]
  0x00000203dff8d000 JavaThread "AWT-Windows" daemon [_thread_in_native, id=19756, stack(0x000000d757700000,0x000000d757800000)]

Other Threads:
  0x00000203df0ab800 VMThread "VM Thread" [stack: 0x000000d756900000,0x000000d756a00000] [id=39304]
  0x00000203dfd0b800 WatcherThread [stack: 0x000000d757400000,0x000000d757500000] [id=39844]
  0x00000203c04cd000 GCTaskThread "GC Thread#0" [stack: 0x000000d756400000,0x000000d756500000] [id=37480]
  0x00000203c0501000 ConcurrentGCThread "G1 Main Marker" [stack: 0x000000d756500000,0x000000d756600000] [id=33848]
  0x00000203c0502000 ConcurrentGCThread "G1 Conc#0" [stack: 0x000000d756600000,0x000000d756700000] [id=40408]
  0x00000203c0595800 ConcurrentGCThread "G1 Refine#0" [stack: 0x000000d756700000,0x000000d756800000] [id=32264]
  0x00000203c0596800 ConcurrentGCThread "G1 Young RemSet Sampling" [stack: 0x000000d756800000,0x000000d756900000] [id=30092]

Threads with active compile tasks:
C2 CompilerThread0    867  760       4       java.lang.ref.Reference::<init> (25 bytes)
C2 CompilerThread1    867  694       4       jdk.internal.org.objectweb.asm.Frame::execute (2264 bytes)

VM state:not at safepoint (normal execution)

VM Mutex/Monitor currently owned by a thread:  ([mutex/lock_event])
[0x00000203c04ae390] MetaspaceExpand_lock - owner thread: 0x00000203c04b8800

Heap address: 0x0000000081800000, size: 2024 MB, Compressed Oops mode: 32-bit
Narrow klass base: 0x0000000000000000, Narrow klass shift: 3
Compressed class space size: 1073741824 Address: 0x0000000100000000

Heap:
 garbage-first heap   total 131072K, used 7168K [0x0000000081800000, 0x0000000100000000)
  region size 1024K, 8 young (8192K), 0 survivors (0K)
 Metaspace       used 11031K, capacity 11372K, committed 11520K, reserved 1058816K
  class space    used 1111K, capacity 1280K, committed 1280K, reserved 1048576K
Heap Regions: E=young(eden), S=young(survivor), O=old, HS=humongous(starts), HC=humongous(continues), CS=collection set, F=free, A=archive, TAMS=top-at-mark-start (previous, next)
|   0|0x0000000081800000, 0x0000000081800000, 0x0000000081900000|  0%| F|  |TAMS 0x0000000081800000, 0x0000000081800000| Untracked 
|   1|0x0000000081900000, 0x0000000081900000, 0x0000000081a00000|  0%| F|  |TAMS 0x0000000081900000, 0x0000000081900000| Untracked 
|   2|0x0000000081a00000, 0x0000000081a00000, 0x0000000081b00000|  0%| F|  |TAMS 0x0000000081a00000, 0x0000000081a00000| Untracked 
|   3|0x0000000081b00000, 0x0000000081b00000, 0x0000000081c00000|  0%| F|  |TAMS 0x0000000081b00000, 0x0000000081b00000| Untracked 
|   4|0x0000000081c00000, 0x0000000081c00000, 0x0000000081d00000|  0%| F|  |TAMS 0x0000000081c00000, 0x0000000081c00000| Untracked 
|   5|0x0000000081d00000, 0x0000000081d00000, 0x0000000081e00000|  0%| F|  |TAMS 0x0000000081d00000, 0x0000000081d00000| Untracked 
|   6|0x0000000081e00000, 0x0000000081e00000, 0x0000000081f00000|  0%| F|  |TAMS 0x0000000081e00000, 0x0000000081e00000| Untracked 
|   7|0x0000000081f00000, 0x0000000081f00000, 0x0000000082000000|  0%| F|  |TAMS 0x0000000081f00000, 0x0000000081f00000| Untracked 
|   8|0x0000000082000000, 0x0000000082000000, 0x0000000082100000|  0%| F|  |TAMS 0x0000000082000000, 0x0000000082000000| Untracked 
|   9|0x0000000082100000, 0x0000000082100000, 0x0000000082200000|  0%| F|  |TAMS 0x0000000082100000, 0x0000000082100000| Untracked 
|  10|0x0000000082200000, 0x0000000082200000, 0x0000000082300000|  0%| F|  |TAMS 0x0000000082200000, 0x0000000082200000| Untracked 
|  11|0x0000000082300000, 0x0000000082300000, 0x0000000082400000|  0%| F|  |TAMS 0x0000000082300000, 0x0000000082300000| Untracked 
|  12|0x0000000082400000, 0x0000000082400000, 0x0000000082500000|  0%| F|  |TAMS 0x0000000082400000, 0x0000000082400000| Untracked 
|  13|0x0000000082500000, 0x0000000082500000, 0x0000000082600000|  0%| F|  |TAMS 0x0000000082500000, 0x0000000082500000| Untracked 
|  14|0x0000000082600000, 0x0000000082600000, 0x0000000082700000|  0%| F|  |TAMS 0x0000000082600000, 0x0000000082600000| Untracked 
|  15|0x0000000082700000, 0x0000000082700000, 0x0000000082800000|  0%| F|  |TAMS 0x0000000082700000, 0x0000000082700000| Untracked 
|  16|0x0000000082800000, 0x0000000082800000, 0x0000000082900000|  0%| F|  |TAMS 0x0000000082800000, 0x0000000082800000| Untracked 
|  17|0x0000000082900000, 0x0000000082900000, 0x0000000082a00000|  0%| F|  |TAMS 0x0000000082900000, 0x0000000082900000| Untracked 
|  18|0x0000000082a00000, 0x0000000082a00000, 0x0000000082b00000|  0%| F|  |TAMS 0x0000000082a00000, 0x0000000082a00000| Untracked 
|  19|0x0000000082b00000, 0x0000000082b00000, 0x0000000082c00000|  0%| F|  |TAMS 0x0000000082b00000, 0x0000000082b00000| Untracked 
|  20|0x0000000082c00000, 0x0000000082c00000, 0x0000000082d00000|  0%| F|  |TAMS 0x0000000082c00000, 0x0000000082c00000| Untracked 
|  21|0x0000000082d00000, 0x0000000082d00000, 0x0000000082e00000|  0%| F|  |TAMS 0x0000000082d00000, 0x0000000082d00000| Untracked 
|  22|0x0000000082e00000, 0x0000000082e00000, 0x0000000082f00000|  0%| F|  |TAMS 0x0000000082e00000, 0x0000000082e00000| Untracked 
|  23|0x0000000082f00000, 0x0000000082f00000, 0x0000000083000000|  0%| F|  |TAMS 0x0000000082f00000, 0x0000000082f00000| Untracked 
|  24|0x0000000083000000, 0x0000000083000000, 0x0000000083100000|  0%| F|  |TAMS 0x0000000083000000, 0x0000000083000000| Untracked 
|  25|0x0000000083100000, 0x0000000083100000, 0x0000000083200000|  0%| F|  |TAMS 0x0000000083100000, 0x0000000083100000| Untracked 
|  26|0x0000000083200000, 0x0000000083200000, 0x0000000083300000|  0%| F|  |TAMS 0x0000000083200000, 0x0000000083200000| Untracked 
|  27|0x0000000083300000, 0x0000000083300000, 0x0000000083400000|  0%| F|  |TAMS 0x0000000083300000, 0x0000000083300000| Untracked 
|  28|0x0000000083400000, 0x0000000083400000, 0x0000000083500000|  0%| F|  |TAMS 0x0000000083400000, 0x0000000083400000| Untracked 
|  29|0x0000000083500000, 0x0000000083500000, 0x0000000083600000|  0%| F|  |TAMS 0x0000000083500000, 0x0000000083500000| Untracked 
|  30|0x0000000083600000, 0x0000000083600000, 0x0000000083700000|  0%| F|  |TAMS 0x0000000083600000, 0x0000000083600000| Untracked 
|  31|0x0000000083700000, 0x0000000083700000, 0x0000000083800000|  0%| F|  |TAMS 0x0000000083700000, 0x0000000083700000| Untracked 
|  32|0x0000000083800000, 0x0000000083800000, 0x0000000083900000|  0%| F|  |TAMS 0x0000000083800000, 0x0000000083800000| Untracked 
|  33|0x0000000083900000, 0x0000000083900000, 0x0000000083a00000|  0%| F|  |TAMS 0x0000000083900000, 0x0000000083900000| Untracked 
|  34|0x0000000083a00000, 0x0000000083a00000, 0x0000000083b00000|  0%| F|  |TAMS 0x0000000083a00000, 0x0000000083a00000| Untracked 
|  35|0x0000000083b00000, 0x0000000083b00000, 0x0000000083c00000|  0%| F|  |TAMS 0x0000000083b00000, 0x0000000083b00000| Untracked 
|  36|0x0000000083c00000, 0x0000000083c00000, 0x0000000083d00000|  0%| F|  |TAMS 0x0000000083c00000, 0x0000000083c00000| Untracked 
|  37|0x0000000083d00000, 0x0000000083d00000, 0x0000000083e00000|  0%| F|  |TAMS 0x0000000083d00000, 0x0000000083d00000| Untracked 
|  38|0x0000000083e00000, 0x0000000083e00000, 0x0000000083f00000|  0%| F|  |TAMS 0x0000000083e00000, 0x0000000083e00000| Untracked 
|  39|0x0000000083f00000, 0x0000000083f00000, 0x0000000084000000|  0%| F|  |TAMS 0x0000000083f00000, 0x0000000083f00000| Untracked 
|  40|0x0000000084000000, 0x0000000084000000, 0x0000000084100000|  0%| F|  |TAMS 0x0000000084000000, 0x0000000084000000| Untracked 
|  41|0x0000000084100000, 0x0000000084100000, 0x0000000084200000|  0%| F|  |TAMS 0x0000000084100000, 0x0000000084100000| Untracked 
|  42|0x0000000084200000, 0x0000000084200000, 0x0000000084300000|  0%| F|  |TAMS 0x0000000084200000, 0x0000000084200000| Untracked 
|  43|0x0000000084300000, 0x0000000084300000, 0x0000000084400000|  0%| F|  |TAMS 0x0000000084300000, 0x0000000084300000| Untracked 
|  44|0x0000000084400000, 0x0000000084400000, 0x0000000084500000|  0%| F|  |TAMS 0x0000000084400000, 0x0000000084400000| Untracked 
|  45|0x0000000084500000, 0x0000000084500000, 0x0000000084600000|  0%| F|  |TAMS 0x0000000084500000, 0x0000000084500000| Untracked 
|  46|0x0000000084600000, 0x0000000084600000, 0x0000000084700000|  0%| F|  |TAMS 0x0000000084600000, 0x0000000084600000| Untracked 
|  47|0x0000000084700000, 0x0000000084700000, 0x0000000084800000|  0%| F|  |TAMS 0x0000000084700000, 0x0000000084700000| Untracked 
|  48|0x0000000084800000, 0x0000000084800000, 0x0000000084900000|  0%| F|  |TAMS 0x0000000084800000, 0x0000000084800000| Untracked 
|  49|0x0000000084900000, 0x0000000084900000, 0x0000000084a00000|  0%| F|  |TAMS 0x0000000084900000, 0x0000000084900000| Untracked 
|  50|0x0000000084a00000, 0x0000000084a00000, 0x0000000084b00000|  0%| F|  |TAMS 0x0000000084a00000, 0x0000000084a00000| Untracked 
|  51|0x0000000084b00000, 0x0000000084b00000, 0x0000000084c00000|  0%| F|  |TAMS 0x0000000084b00000, 0x0000000084b00000| Untracked 
|  52|0x0000000084c00000, 0x0000000084c00000, 0x0000000084d00000|  0%| F|  |TAMS 0x0000000084c00000, 0x0000000084c00000| Untracked 
|  53|0x0000000084d00000, 0x0000000084d00000, 0x0000000084e00000|  0%| F|  |TAMS 0x0000000084d00000, 0x0000000084d00000| Untracked 
|  54|0x0000000084e00000, 0x0000000084e00000, 0x0000000084f00000|  0%| F|  |TAMS 0x0000000084e00000, 0x0000000084e00000| Untracked 
|  55|0x0000000084f00000, 0x0000000084f00000, 0x0000000085000000|  0%| F|  |TAMS 0x0000000084f00000, 0x0000000084f00000| Untracked 
|  56|0x0000000085000000, 0x0000000085000000, 0x0000000085100000|  0%| F|  |TAMS 0x0000000085000000, 0x0000000085000000| Untracked 
|  57|0x0000000085100000, 0x0000000085100000, 0x0000000085200000|  0%| F|  |TAMS 0x0000000085100000, 0x0000000085100000| Untracked 
|  58|0x0000000085200000, 0x0000000085200000, 0x0000000085300000|  0%| F|  |TAMS 0x0000000085200000, 0x0000000085200000| Untracked 
|  59|0x0000000085300000, 0x0000000085300000, 0x0000000085400000|  0%| F|  |TAMS 0x0000000085300000, 0x0000000085300000| Untracked 
|  60|0x0000000085400000, 0x0000000085400000, 0x0000000085500000|  0%| F|  |TAMS 0x0000000085400000, 0x0000000085400000| Untracked 
|  61|0x0000000085500000, 0x0000000085500000, 0x0000000085600000|  0%| F|  |TAMS 0x0000000085500000, 0x0000000085500000| Untracked 
|  62|0x0000000085600000, 0x0000000085600000, 0x0000000085700000|  0%| F|  |TAMS 0x0000000085600000, 0x0000000085600000| Untracked 
|  63|0x0000000085700000, 0x0000000085700000, 0x0000000085800000|  0%| F|  |TAMS 0x0000000085700000, 0x0000000085700000| Untracked 
|  64|0x0000000085800000, 0x0000000085800000, 0x0000000085900000|  0%| F|  |TAMS 0x0000000085800000, 0x0000000085800000| Untracked 
|  65|0x0000000085900000, 0x0000000085900000, 0x0000000085a00000|  0%| F|  |TAMS 0x0000000085900000, 0x0000000085900000| Untracked 
|  66|0x0000000085a00000, 0x0000000085a00000, 0x0000000085b00000|  0%| F|  |TAMS 0x0000000085a00000, 0x0000000085a00000| Untracked 
|  67|0x0000000085b00000, 0x0000000085b00000, 0x0000000085c00000|  0%| F|  |TAMS 0x0000000085b00000, 0x0000000085b00000| Untracked 
|  68|0x0000000085c00000, 0x0000000085c00000, 0x0000000085d00000|  0%| F|  |TAMS 0x0000000085c00000, 0x0000000085c00000| Untracked 
|  69|0x0000000085d00000, 0x0000000085d00000, 0x0000000085e00000|  0%| F|  |TAMS 0x0000000085d00000, 0x0000000085d00000| Untracked 
|  70|0x0000000085e00000, 0x0000000085e00000, 0x0000000085f00000|  0%| F|  |TAMS 0x0000000085e00000, 0x0000000085e00000| Untracked 
|  71|0x0000000085f00000, 0x0000000085f00000, 0x0000000086000000|  0%| F|  |TAMS 0x0000000085f00000, 0x0000000085f00000| Untracked 
|  72|0x0000000086000000, 0x0000000086000000, 0x0000000086100000|  0%| F|  |TAMS 0x0000000086000000, 0x0000000086000000| Untracked 
|  73|0x0000000086100000, 0x0000000086100000, 0x0000000086200000|  0%| F|  |TAMS 0x0000000086100000, 0x0000000086100000| Untracked 
|  74|0x0000000086200000, 0x0000000086200000, 0x0000000086300000|  0%| F|  |TAMS 0x0000000086200000, 0x0000000086200000| Untracked 
|  75|0x0000000086300000, 0x0000000086300000, 0x0000000086400000|  0%| F|  |TAMS 0x0000000086300000, 0x0000000086300000| Untracked 
|  76|0x0000000086400000, 0x0000000086400000, 0x0000000086500000|  0%| F|  |TAMS 0x0000000086400000, 0x0000000086400000| Untracked 
|  77|0x0000000086500000, 0x0000000086500000, 0x0000000086600000|  0%| F|  |TAMS 0x0000000086500000, 0x0000000086500000| Untracked 
|  78|0x0000000086600000, 0x0000000086600000, 0x0000000086700000|  0%| F|  |TAMS 0x0000000086600000, 0x0000000086600000| Untracked 
|  79|0x0000000086700000, 0x0000000086700000, 0x0000000086800000|  0%| F|  |TAMS 0x0000000086700000, 0x0000000086700000| Untracked 
|  80|0x0000000086800000, 0x0000000086800000, 0x0000000086900000|  0%| F|  |TAMS 0x0000000086800000, 0x0000000086800000| Untracked 
|  81|0x0000000086900000, 0x0000000086900000, 0x0000000086a00000|  0%| F|  |TAMS 0x0000000086900000, 0x0000000086900000| Untracked 
|  82|0x0000000086a00000, 0x0000000086a00000, 0x0000000086b00000|  0%| F|  |TAMS 0x0000000086a00000, 0x0000000086a00000| Untracked 
|  83|0x0000000086b00000, 0x0000000086b00000, 0x0000000086c00000|  0%| F|  |TAMS 0x0000000086b00000, 0x0000000086b00000| Untracked 
|  84|0x0000000086c00000, 0x0000000086c00000, 0x0000000086d00000|  0%| F|  |TAMS 0x0000000086c00000, 0x0000000086c00000| Untracked 
|  85|0x0000000086d00000, 0x0000000086d00000, 0x0000000086e00000|  0%| F|  |TAMS 0x0000000086d00000, 0x0000000086d00000| Untracked 
|  86|0x0000000086e00000, 0x0000000086e00000, 0x0000000086f00000|  0%| F|  |TAMS 0x0000000086e00000, 0x0000000086e00000| Untracked 
|  87|0x0000000086f00000, 0x0000000086f00000, 0x0000000087000000|  0%| F|  |TAMS 0x0000000086f00000, 0x0000000086f00000| Untracked 
|  88|0x0000000087000000, 0x0000000087000000, 0x0000000087100000|  0%| F|  |TAMS 0x0000000087000000, 0x0000000087000000| Untracked 
|  89|0x0000000087100000, 0x0000000087100000, 0x0000000087200000|  0%| F|  |TAMS 0x0000000087100000, 0x0000000087100000| Untracked 
|  90|0x0000000087200000, 0x0000000087200000, 0x0000000087300000|  0%| F|  |TAMS 0x0000000087200000, 0x0000000087200000| Untracked 
|  91|0x0000000087300000, 0x0000000087300000, 0x0000000087400000|  0%| F|  |TAMS 0x0000000087300000, 0x0000000087300000| Untracked 
|  92|0x0000000087400000, 0x0000000087400000, 0x0000000087500000|  0%| F|  |TAMS 0x0000000087400000, 0x0000000087400000| Untracked 
|  93|0x0000000087500000, 0x0000000087500000, 0x0000000087600000|  0%| F|  |TAMS 0x0000000087500000, 0x0000000087500000| Untracked 
|  94|0x0000000087600000, 0x0000000087600000, 0x0000000087700000|  0%| F|  |TAMS 0x0000000087600000, 0x0000000087600000| Untracked 
|  95|0x0000000087700000, 0x0000000087700000, 0x0000000087800000|  0%| F|  |TAMS 0x0000000087700000, 0x0000000087700000| Untracked 
|  96|0x0000000087800000, 0x0000000087800000, 0x0000000087900000|  0%| F|  |TAMS 0x0000000087800000, 0x0000000087800000| Untracked 
|  97|0x0000000087900000, 0x0000000087900000, 0x0000000087a00000|  0%| F|  |TAMS 0x0000000087900000, 0x0000000087900000| Untracked 
|  98|0x0000000087a00000, 0x0000000087a00000, 0x0000000087b00000|  0%| F|  |TAMS 0x0000000087a00000, 0x0000000087a00000| Untracked 
|  99|0x0000000087b00000, 0x0000000087b00000, 0x0000000087c00000|  0%| F|  |TAMS 0x0000000087b00000, 0x0000000087b00000| Untracked 
| 100|0x0000000087c00000, 0x0000000087c00000, 0x0000000087d00000|  0%| F|  |TAMS 0x0000000087c00000, 0x0000000087c00000| Untracked 
| 101|0x0000000087d00000, 0x0000000087d00000, 0x0000000087e00000|  0%| F|  |TAMS 0x0000000087d00000, 0x0000000087d00000| Untracked 
| 102|0x0000000087e00000, 0x0000000087e00000, 0x0000000087f00000|  0%| F|  |TAMS 0x0000000087e00000, 0x0000000087e00000| Untracked 
| 103|0x0000000087f00000, 0x0000000087f00000, 0x0000000088000000|  0%| F|  |TAMS 0x0000000087f00000, 0x0000000087f00000| Untracked 
| 104|0x0000000088000000, 0x0000000088000000, 0x0000000088100000|  0%| F|  |TAMS 0x0000000088000000, 0x0000000088000000| Untracked 
| 105|0x0000000088100000, 0x0000000088100000, 0x0000000088200000|  0%| F|  |TAMS 0x0000000088100000, 0x0000000088100000| Untracked 
| 106|0x0000000088200000, 0x0000000088200000, 0x0000000088300000|  0%| F|  |TAMS 0x0000000088200000, 0x0000000088200000| Untracked 
| 107|0x0000000088300000, 0x0000000088300000, 0x0000000088400000|  0%| F|  |TAMS 0x0000000088300000, 0x0000000088300000| Untracked 
| 108|0x0000000088400000, 0x0000000088400000, 0x0000000088500000|  0%| F|  |TAMS 0x0000000088400000, 0x0000000088400000| Untracked 
| 109|0x0000000088500000, 0x0000000088500000, 0x0000000088600000|  0%| F|  |TAMS 0x0000000088500000, 0x0000000088500000| Untracked 
| 110|0x0000000088600000, 0x0000000088600000, 0x0000000088700000|  0%| F|  |TAMS 0x0000000088600000, 0x0000000088600000| Untracked 
| 111|0x0000000088700000, 0x0000000088700000, 0x0000000088800000|  0%| F|  |TAMS 0x0000000088700000, 0x0000000088700000| Untracked 
| 112|0x0000000088800000, 0x0000000088800000, 0x0000000088900000|  0%| F|  |TAMS 0x0000000088800000, 0x0000000088800000| Untracked 
| 113|0x0000000088900000, 0x0000000088900000, 0x0000000088a00000|  0%| F|  |TAMS 0x0000000088900000, 0x0000000088900000| Untracked 
| 114|0x0000000088a00000, 0x0000000088a00000, 0x0000000088b00000|  0%| F|  |TAMS 0x0000000088a00000, 0x0000000088a00000| Untracked 
| 115|0x0000000088b00000, 0x0000000088b00000, 0x0000000088c00000|  0%| F|  |TAMS 0x0000000088b00000, 0x0000000088b00000| Untracked 
| 116|0x0000000088c00000, 0x0000000088c00000, 0x0000000088d00000|  0%| F|  |TAMS 0x0000000088c00000, 0x0000000088c00000| Untracked 
| 117|0x0000000088d00000, 0x0000000088d00000, 0x0000000088e00000|  0%| F|  |TAMS 0x0000000088d00000, 0x0000000088d00000| Untracked 
| 118|0x0000000088e00000, 0x0000000088e00000, 0x0000000088f00000|  0%| F|  |TAMS 0x0000000088e00000, 0x0000000088e00000| Untracked 
| 119|0x0000000088f00000, 0x0000000088f48318, 0x0000000089000000| 28%| E|  |TAMS 0x0000000088f00000, 0x0000000088f00000| Complete 
| 120|0x0000000089000000, 0x0000000089100000, 0x0000000089100000|100%| E|CS|TAMS 0x0000000089000000, 0x0000000089000000| Complete 
| 121|0x0000000089100000, 0x0000000089200000, 0x0000000089200000|100%| E|CS|TAMS 0x0000000089100000, 0x0000000089100000| Complete 
| 122|0x0000000089200000, 0x0000000089300000, 0x0000000089300000|100%| E|CS|TAMS 0x0000000089200000, 0x0000000089200000| Complete 
| 123|0x0000000089300000, 0x0000000089400000, 0x0000000089400000|100%| E|CS|TAMS 0x0000000089300000, 0x0000000089300000| Complete 
| 124|0x0000000089400000, 0x0000000089500000, 0x0000000089500000|100%| E|CS|TAMS 0x0000000089400000, 0x0000000089400000| Complete 
| 125|0x0000000089500000, 0x0000000089600000, 0x0000000089600000|100%| E|CS|TAMS 0x0000000089500000, 0x0000000089500000| Complete 
| 126|0x0000000089600000, 0x0000000089700000, 0x0000000089700000|100%| E|CS|TAMS 0x0000000089600000, 0x0000000089600000| Complete 
| 127|0x0000000089700000, 0x0000000089800000, 0x0000000089800000|100%| E|CS|TAMS 0x0000000089700000, 0x0000000089700000| Complete 

Card table byte_map: [0x00000203d83a0000,0x00000203d87a0000] _byte_map_base: 0x00000203d7f94000

Marking Bits (Prev, Next): (CMBitMap*) 0x00000203c04f8268, (CMBitMap*) 0x00000203c04f82a0
 Prev Bits: [0x00000203d8ba0000, 0x00000203dab40000)
 Next Bits: [0x00000203dab40000, 0x00000203dcae0000)

Polling page: 0x00000203bec30000

Metaspace:

Usage:
  Non-class:      9.88 MB capacity,     9.72 MB ( 98%) used,   131.30 KB (  1%) free+waste,    33.19 KB ( <1%) overhead. 
      Class:      1.28 MB capacity,     1.10 MB ( 86%) used,   161.64 KB ( 12%) free+waste,    18.56 KB (  1%) overhead. 
       Both:     11.16 MB capacity,    10.82 MB ( 97%) used,   292.95 KB (  3%) free+waste,    51.75 KB ( <1%) overhead. 

Virtual space:
  Non-class space:       10.00 MB reserved,      10.00 MB (100%) committed 
      Class space:        1.00 GB reserved,       1.38 MB ( <1%) committed 
             Both:        1.01 GB reserved,      11.38 MB (  1%) committed 

Chunk freelists:
   Non-Class:  0 bytes
       Class:  0 bytes
        Both:  0 bytes

CodeHeap 'non-profiled nmethods': size=120064Kb used=236Kb max_used=236Kb free=119827Kb
 bounds [0x00000203d0440000, 0x00000203d06b0000, 0x00000203d7980000]
CodeHeap 'profiled nmethods': size=120000Kb used=1193Kb max_used=1193Kb free=118806Kb
 bounds [0x00000203c8f10000, 0x00000203c9180000, 0x00000203d0440000]
CodeHeap 'non-nmethods': size=5696Kb used=1123Kb max_used=1138Kb free=4572Kb
 bounds [0x00000203c8980000, 0x00000203c8bf0000, 0x00000203c8f10000]
 total_blobs=1232 nmethods=783 adapters=361
 compilation: enabled
              stopped_count=0, restarted_count=0
 full_count=0

Compilation events (10 events):
Event: 0.797 Thread 0x00000203dfa44800 nmethod 734 0x00000203c9018d10 code [0x00000203c9018ec0, 0x00000203c90190f8]
Event: 0.800 Thread 0x00000203dfa44800  736       3       java.lang.invoke.BootstrapMethodInvoker::maybeReBox (28 bytes)
Event: 0.801 Thread 0x00000203dfa44800 nmethod 736 0x00000203c9019210 code [0x00000203c9019400, 0x00000203c90199d8]
Event: 0.801 Thread 0x00000203dfa44800  737       3       java.lang.invoke.BoundMethodHandle::<init> (32 bytes)
Event: 0.801 Thread 0x00000203dfa44800 nmethod 737 0x00000203c9019b90 code [0x00000203c9019d40, 0x00000203c9019e88]
Event: 0.802 Thread 0x00000203dfa44800  738       3       java.lang.invoke.ClassSpecializer$SpeciesData::fieldCount (10 bytes)
Event: 0.802 Thread 0x00000203dfa44800 nmethod 738 0x00000203c9019f10 code [0x00000203c901a0c0, 0x00000203c901a288]
Event: 0.803 Thread 0x00000203dfa44800  739       3       sun.awt.AppContext::getAppContext (51 bytes)
Event: 0.804 Thread 0x00000203dfa44800 nmethod 739 0x00000203c901a390 code [0x00000203c901a580, 0x00000203c901ab38]
Event: 0.813 Thread 0x00000203dfa44800  740       3       java.lang.invoke.LambdaForm::editor (5 bytes)

GC Heap History (0 events):
No events

Deoptimization events (8 events):
Event: 0.378 Thread 0x00000203c04b8800 Uncommon trap: reason=unstable_if action=reinterpret pc=0x00000203d0450838 method=java.util.ImmutableCollections$SetN.probe(Ljava/lang/Object;)I @ 34 c2
Event: 0.481 Thread 0x00000203c04b8800 Uncommon trap: reason=bimorphic_or_optimized_type_check action=maybe_recompile pc=0x00000203d0458b94 method=java.util.AbstractCollection.isEmpty()Z @ 1 c2
Event: 0.481 Thread 0x00000203c04b8800 Uncommon trap: reason=bimorphic_or_optimized_type_check action=maybe_recompile pc=0x00000203d0458b94 method=java.util.AbstractCollection.isEmpty()Z @ 1 c2
Event: 0.485 Thread 0x00000203c04b8800 Uncommon trap: reason=bimorphic_or_optimized_type_check action=maybe_recompile pc=0x00000203d0458b94 method=java.util.AbstractCollection.isEmpty()Z @ 1 c2
Event: 0.485 Thread 0x00000203c04b8800 Uncommon trap: reason=bimorphic_or_optimized_type_check action=maybe_recompile pc=0x00000203d0458b94 method=java.util.AbstractCollection.isEmpty()Z @ 1 c2
Event: 0.518 Thread 0x00000203c04b8800 Uncommon trap: reason=unstable_if action=reinterpret pc=0x00000203d044ce00 method=java.lang.StringCoding.hasNegatives([BII)Z @ 12 c2
Event: 0.518 Thread 0x00000203c04b8800 Uncommon trap: reason=unstable_if action=reinterpret pc=0x00000203d0445210 method=java.lang.String.isLatin1()Z @ 10 c2
Event: 0.755 Thread 0x00000203c04b8800 Uncommon trap: reason=unstable_if action=reinterpret pc=0x00000203d044bf14 method=java.lang.String.hashCode()I @ 22 c2

Classes redefined (0 events):
No events

Internal exceptions (10 events):
Event: 0.518 Thread 0x00000203c04b8800 Exception <a 'java/io/FileNotFoundException'{0x000000008932fc68}> (0x000000008932fc68) thrown at [./open/src/hotspot/share/prims/jni.cpp, line 611]
Event: 0.550 Thread 0x00000203c04b8800 Exception <a 'java/lang/NoSuchMethodError'{0x00000000893d2df0}: java.lang.invoke.DirectMethodHandle$Holder.invokeStatic(Ljava/lang/Object;Ljava/lang/Object;Ljava/lang/Object;Ljava/lang/Object;Ljava/lang/Object;Ljava/lang/Object;Ljava/lang/Object;Ljava/lan
Event: 0.553 Thread 0x00000203c04b8800 Exception <a 'java/lang/NoSuchMethodError'{0x00000000893e0d78}: java.lang.invoke.DirectMethodHandle$Holder.invokeStatic(Ljava/lang/Object;Ljava/lang/Object;Ljava/lang/Object;Ljava/lang/Object;Ljava/lang/Object;Ljava/lang/Object;Ljava/lang/Object;Ljava/lan
Event: 0.555 Thread 0x00000203c04b8800 Exception <a 'java/lang/NoSuchMethodError'{0x00000000893ee9e0}: java.lang.invoke.DirectMethodHandle$Holder.invokeSpecial(Ljava/lang/Object;Ljava/lang/Object;IILjava/lang/Object;Ljava/lang/Object;Ljava/lang/Object;)Ljava/lang/Object;> (0x00000000893ee9e0) 
Event: 0.556 Thread 0x00000203c04b8800 Exception <a 'java/lang/NoSuchMethodError'{0x00000000893f1f68}: java.lang.invoke.DelegatingMethodHandle$Holder.reinvoke_L(Ljava/lang/Object;IILjava/lang/Object;Ljava/lang/Object;Ljava/lang/Object;)Ljava/lang/Object;> (0x00000000893f1f68) thrown at [./open
Event: 0.557 Thread 0x00000203c04b8800 Exception <a 'java/lang/NoSuchMethodError'{0x00000000893f5f48}: java.lang.invoke.DirectMethodHandle$Holder.invokeStatic(Ljava/lang/Object;Ljava/lang/Object;Ljava/lang/Object;Ljava/lang/Object;I)Ljava/lang/Object;> (0x00000000893f5f48) thrown at [./open/sr
Event: 0.594 Thread 0x00000203c04b8800 Exception <a 'java/io/FileNotFoundException'{0x0000000089258e98}> (0x0000000089258e98) thrown at [./open/src/hotspot/share/prims/jni.cpp, line 611]
Event: 0.718 Thread 0x00000203dff8d000 Exception <a 'java/lang/NoSuchMethodError'{0x0000000089105278}: java.lang.invoke.DirectMethodHandle$Holder.invokeSpecial(Ljava/lang/Object;Ljava/lang/Object;)V> (0x0000000089105278) thrown at [./open/src/hotspot/share/interpreter/linkResolver.cpp, line 77
Event: 0.722 Thread 0x00000203c04b8800 Exception <a 'java/lang/NoSuchMethodError'{0x00000000892fe260}: java.lang.invoke.DirectMethodHandle$Holder.invokeStatic(Ljava/lang/Object;Ljava/lang/Object;Ljava/lang/Object;Ljava/lang/Object;Ljava/lang/Object;Ljava/lang/Object;Ljava/lang/Object;Ljava/lan
Event: 0.724 Thread 0x00000203c04b8800 Exception <a 'java/lang/NoSuchMethodError'{0x0000000089160720}: java.lang.invoke.DirectMethodHandle$Holder.invokeStatic(Ljava/lang/Object;Ljava/lang/Object;Ljava/lang/Object;Ljava/lang/Object;Ljava/lang/Object;Ljava/lang/Object;Ljava/lang/Object;Ljava/lan

Events (10 events):
Event: 0.810 loading class javax/swing/plaf/metal/DefaultMetalTheme$FontDelegate
Event: 0.810 loading class javax/swing/plaf/metal/DefaultMetalTheme$FontDelegate done
Event: 0.810 loading class javax/swing/plaf/FontUIResource
Event: 0.810 loading class javax/swing/plaf/FontUIResource done
Event: 0.811 loading class javax/swing/UIDefaults$LazyValue
Event: 0.811 loading class javax/swing/UIDefaults$LazyValue done
Event: 0.812 loading class javax/swing/UIDefaults$ActiveValue
Event: 0.813 loading class javax/swing/UIDefaults$ActiveValue done
Event: 0.813 loading class javax/swing/plaf/InsetsUIResource
Event: 0.813 loading class javax/swing/plaf/InsetsUIResource done


Dynamic libraries:
0x00007ff62af00000 - 0x00007ff62af0f000 	C:\Program Files\Java\jdk-11.0.12\bin\javaw.exe
0x00007ff9d6e30000 - 0x00007ff9d7025000 	C:\WINDOWS\SYSTEM32\ntdll.dll
0x00007ff9d6000000 - 0x00007ff9d60be000 	C:\WINDOWS\System32\KERNEL32.DLL
0x00007ff9d4660000 - 0x00007ff9d4929000 	C:\WINDOWS\System32\KERNELBASE.dll
0x00007ff9d4d20000 - 0x00007ff9d4e20000 	C:\WINDOWS\System32\ucrtbase.dll
0x00007ff9cea80000 - 0x00007ff9cea95000 	C:\Program Files\Java\jdk-11.0.12\bin\VCRUNTIME140.dll
0x00007ff9cfa30000 - 0x00007ff9cfa48000 	C:\Program Files\Java\jdk-11.0.12\bin\jli.dll
0x00007ff9d6b20000 - 0x00007ff9d6bcc000 	C:\WINDOWS\System32\ADVAPI32.dll
0x00007ff9d6760000 - 0x00007ff9d67fe000 	C:\WINDOWS\System32\msvcrt.dll
0x00007ff9d6bd0000 - 0x00007ff9d6c6b000 	C:\WINDOWS\System32\sechost.dll
0x00007ff9d5e40000 - 0x00007ff9d5f6a000 	C:\WINDOWS\System32\RPCRT4.dll
0x00007ff9d61a0000 - 0x00007ff9d6341000 	C:\WINDOWS\System32\USER32.dll
0x00007ff9d4930000 - 0x00007ff9d4952000 	C:\WINDOWS\System32\win32u.dll
0x00007ff9d5f70000 - 0x00007ff9d5f9b000 	C:\WINDOWS\System32\GDI32.dll
0x00007ff9d4550000 - 0x00007ff9d465b000 	C:\WINDOWS\System32\gdi32full.dll
0x00007ff9c2130000 - 0x00007ff9c23ca000 	C:\WINDOWS\WinSxS\amd64_microsoft.windows.common-controls_6595b64144ccf1df_6.0.19041.1110_none_60b5254171f9507e\COMCTL32.dll
0x00007ff9d4c50000 - 0x00007ff9d4ced000 	C:\WINDOWS\System32\msvcp_win.dll
0x00007ff9cca60000 - 0x00007ff9cca6a000 	C:\WINDOWS\SYSTEM32\VERSION.dll
0x00007ff9d6730000 - 0x00007ff9d6760000 	C:\WINDOWS\System32\IMM32.DLL
0x00007ff9c0a70000 - 0x00007ff9c0b0b000 	C:\Program Files\Java\jdk-11.0.12\bin\msvcp140.dll
0x00007ff97fa60000 - 0x00007ff98055f000 	C:\Program Files\Java\jdk-11.0.12\bin\server\jvm.dll
0x00007ff9d4ee0000 - 0x00007ff9d4ee8000 	C:\WINDOWS\System32\PSAPI.DLL
0x00007ff9cea70000 - 0x00007ff9cea79000 	C:\WINDOWS\SYSTEM32\WSOCK32.dll
0x00007ff9c0040000 - 0x00007ff9c0067000 	C:\WINDOWS\SYSTEM32\WINMM.dll
0x00007ff9d6820000 - 0x00007ff9d688b000 	C:\WINDOWS\System32\WS2_32.dll
0x00007ff9d2dd0000 - 0x00007ff9d2de2000 	C:\WINDOWS\SYSTEM32\kernel.appcore.dll
0x00007ff9cea10000 - 0x00007ff9cea20000 	C:\Program Files\Java\jdk-11.0.12\bin\verify.dll
0x00007ff9ccdc0000 - 0x00007ff9ccfa4000 	C:\WINDOWS\SYSTEM32\DBGHELP.DLL
0x00007ff9ccd70000 - 0x00007ff9ccd9c000 	C:\WINDOWS\SYSTEM32\dbgcore.DLL
0x00007ff9d4b70000 - 0x00007ff9d4bf3000 	C:\WINDOWS\System32\bcryptPrimitives.dll
0x00007ff9cde00000 - 0x00007ff9cde28000 	C:\Program Files\Java\jdk-11.0.12\bin\java.dll
0x00007ff9cea00000 - 0x00007ff9cea0a000 	C:\Program Files\Java\jdk-11.0.12\bin\jimage.dll
0x00007ff9ce6d0000 - 0x00007ff9ce6e6000 	C:\Program Files\Java\jdk-11.0.12\bin\zip.dll
0x00007ff9d5520000 - 0x00007ff9d5c5f000 	C:\WINDOWS\System32\SHELL32.dll
0x00007ff9d2470000 - 0x00007ff9d2c00000 	C:\WINDOWS\SYSTEM32\windows.storage.dll
0x00007ff9d63d0000 - 0x00007ff9d6725000 	C:\WINDOWS\System32\combase.dll
0x00007ff9d3ed0000 - 0x00007ff9d3efc000 	C:\WINDOWS\SYSTEM32\Wldp.dll
0x00007ff9d6d40000 - 0x00007ff9d6ded000 	C:\WINDOWS\System32\SHCORE.dll
0x00007ff9d5d80000 - 0x00007ff9d5dd5000 	C:\WINDOWS\System32\shlwapi.dll
0x00007ff9d4490000 - 0x00007ff9d44af000 	C:\WINDOWS\SYSTEM32\profapi.dll
0x00007ff9ced10000 - 0x00007ff9ced29000 	C:\Program Files\Java\jdk-11.0.12\bin\net.dll
0x00007ff9cab70000 - 0x00007ff9cac78000 	C:\WINDOWS\SYSTEM32\WINHTTP.dll
0x00007ff9d3c30000 - 0x00007ff9d3c9a000 	C:\WINDOWS\system32\mswsock.dll
0x00007ff9cecf0000 - 0x00007ff9ced02000 	C:\Program Files\Java\jdk-11.0.12\bin\nio.dll
0x00007ff9a8580000 - 0x00007ff9a871a000 	C:\Program Files\Java\jdk-11.0.12\bin\awt.dll
0x00007ff9d6c70000 - 0x00007ff9d6d3d000 	C:\WINDOWS\System32\OLEAUT32.dll
0x00007ff9d17a0000 - 0x00007ff9d1830000 	C:\WINDOWS\SYSTEM32\apphelp.dll
0x00007ff9d1f60000 - 0x00007ff9d1f8f000 	C:\WINDOWS\system32\DWMAPI.DLL
0x00007ff9d1c60000 - 0x00007ff9d1cfe000 	C:\WINDOWS\system32\uxtheme.dll
0x00007ff9ad9b0000 - 0x00007ff9adad5000 	C:\WINDOWS\system32\opengl32.dll
0x00007ff9ade60000 - 0x00007ff9ade8c000 	C:\WINDOWS\SYSTEM32\GLU32.dll
0x00007ff9d5c60000 - 0x00007ff9d5d75000 	C:\WINDOWS\System32\MSCTF.dll
0x00007ff9ad8d0000 - 0x00007ff9ad96c000 	C:\WINDOWS\system32\IMGSF50Filter_x64.dll
0x00007ff9d6960000 - 0x00007ff9d6a8a000 	C:\WINDOWS\System32\ole32.dll

dbghelp: loaded successfully - version: 4.0.5 - missing functions: none
symbol engine: initialized successfully - sym options: 0x614 - pdb path: .;C:\Program Files\Java\jdk-11.0.12\bin;C:\WINDOWS\SYSTEM32;C:\WINDOWS\WinSxS\amd64_microsoft.windows.common-controls_6595b64144ccf1df_6.0.19041.1110_none_60b5254171f9507e;C:\Program Files\Java\jdk-11.0.12\bin\server

VM Arguments:
jvm_args: -Dfile.encoding=UTF-8 --module-path=C:\dev\mysql-connector-java-8.0.27\mysql-connector-java-8.0.27.jar 
java_command: view.SecondFrame
java_class_path (initial): C:\dev\workspace\project\bin
Launcher Type: SUN_STANDARD

[Global flags]
     intx CICompilerCount                          = 3                                         {product} {ergonomic}
     uint ConcGCThreads                            = 1                                         {product} {ergonomic}
     uint G1ConcRefinementThreads                  = 4                                         {product} {ergonomic}
   size_t G1HeapRegionSize                         = 1048576                                   {product} {ergonomic}
    uintx GCDrainStackTargetSize                   = 64                                        {product} {ergonomic}
   size_t InitialHeapSize                          = 134217728                                 {product} {ergonomic}
   size_t MarkStackSize                            = 4194304                                   {product} {ergonomic}
   size_t MaxHeapSize                              = 2122317824                                {product} {ergonomic}
   size_t MaxNewSize                               = 1272971264                                {product} {ergonomic}
   size_t MinHeapDeltaBytes                        = 1048576                                   {product} {ergonomic}
    uintx NonNMethodCodeHeapSize                   = 5830732                                {pd product} {ergonomic}
    uintx NonProfiledCodeHeapSize                  = 122913754                              {pd product} {ergonomic}
    uintx ProfiledCodeHeapSize                     = 122913754                              {pd product} {ergonomic}
    uintx ReservedCodeCacheSize                    = 251658240                              {pd product} {ergonomic}
     bool SegmentedCodeCache                       = true                                      {product} {ergonomic}
     bool UseCompressedClassPointers               = true                                 {lp64_product} {ergonomic}
     bool UseCompressedOops                        = true                                 {lp64_product} {ergonomic}
     bool UseG1GC                                  = true                                      {product} {ergonomic}
     bool UseLargePagesIndividualAllocation        = false                                  {pd product} {ergonomic}

Logging:
Log output configuration:
 #0: stdout all=warning uptime,level,tags
 #1: stderr all=off uptime,level,tags

Environment Variables:
JAVA_HOME=C:\Program Files\Java\jdk-11.0.12
PATH=C:\Program Files (x86)\NAT Service;C:\Program Files (x86)\VMware\VMware Player\bin\;C:\Program Files\Common Files\Oracle\Java\javapath;C:\Program Files (x86)\Intel\iCLS Client\;C:\Program Files\Intel\iCLS Client\;C:\WINDOWS\system32;C:\WINDOWS;C:\WINDOWS\System32\Wbem;C:\WINDOWS\System32\WindowsPowerShell\v1.0\;C:\WINDOWS\System32\OpenSSH\;C:\Program Files (x86)\PuTTY\;C:\Program Files\Common Files\Autodesk Shared\;C:\Program Files\Microsoft SQL Server\120\Tools\Binn\;C:\ProgramData\chocolatey\bin;C:\Program Files\Git\cmd;C:\Program Files\Java\jdk-11.0.12\bin;C:\Program Files (x86)\NAT Service;C:\Program Files (x86)\VMware\VMware Player\bin\;C:\Program Files\Common Files\Oracle\Java\javapath;C:\Program Files (x86)\Intel\iCLS Client\;C:\Program Files\Intel\iCLS Client\;C:\WINDOWS\system32;C:\WINDOWS;C:\WINDOWS\System32\Wbem;C:\WINDOWS\System32\WindowsPowerShell\v1.0\;C:\WINDOWS\System32\OpenSSH\;C:\Program Files (x86)\PuTTY\;C:\Program Files\Common Files\Autodesk Shared\;C:\Program Files\Microsoft SQL Server\120\Tools\Binn\;C:\ProgramData\chocolatey\bin;C:\Program Files\Git\cmd;C:\Program Files\Java\jdk-11.0.12\bin;C:\Program Files\MySQL\MySQL Server 8.0\bin;C:\Program Files\OpenCV4.4.0\build\x64\vc15\bin;C:\Program Files\MySQL\MySQL Shell 8.0\bin\;C:\Program Files (x86)\NAT Service;C:\Program Files (x86)\VMware\VMware Player\bin\;C:\Program Files\Common Files\Oracle\Java\javapath;C:\Program Files (x86)\Intel\iCLS Client\;C:\Program Files\Intel\iCLS Client\;C:\WINDOWS\system32;C:\WINDOWS;C:\WINDOWS\System32\Wbem;C:\WINDOWS\System32\WindowsPowerShell\v1.0\;C:\WINDOWS\System32\OpenSSH\;C:\Program Files (x86)\PuTTY\;C:\Program Files\Common Files\Autodesk Shared\;C:\Program Files\Microsoft SQL Server\120\Tools\Binn\;C:\ProgramData\chocolatey\bin;C:\Program Files\Git\cmd;C:\Program Files\Java\jdk-11.0.12\bin;C:\Program Files\Java\jdk-11.0.12\bin;
USERNAME=Windows
OS=Windows_NT
PROCESSOR_IDENTIFIER=Intel64 Family 6 Model 61 Stepping 4, GenuineIntel



---------------  S Y S T E M  ---------------

OS: Windows 10 , 64 bit Build 19041 (10.0.19041.1202)

CPU:total 4 (initial active 4) (2 cores per cpu, 2 threads per core) family 6 model 61 stepping 4 microcode 0x2e, cmov, cx8, fxsr, mmx, sse, sse2, sse3, ssse3, sse4.1, sse4.2, popcnt, avx, avx2, aes, clmul, erms, 3dnowpref, lzcnt, ht, tsc, tscinvbit, bmi1, bmi2, adx, fma

Memory: 4k page, system-wide physical 8094M (1287M free)
TotalPageFile size 32199M (AvailPageFile size 5M)
current process WorkingSet (physical memory assigned to process): 62M, peak: 62M
current process commit charge ("private bytes"): 214M, peak: 214M

vm_info: Java HotSpot(TM) 64-Bit Server VM (11.0.12+8-LTS-237) for windows-amd64 JRE (11.0.12+8-LTS-237), built on Jun  8 2021 11:25:59 by "mach5one" with MS VC++ 15.9 (VS2017)

END.
