#
# There is insufficient memory for the Java Runtime Environment to continue.
# Native memory allocation (malloc) failed to allocate 350256 bytes for Chunk::new
# Possible reasons:
#   The system is out of physical RAM or swap space
#   The process is running with CompressedOops enabled, and the Java Heap may be blocking the growth of the native heap
# Possible solutions:
#   Reduce memory load on the system
#   Increase physical memory or swap space
#   Check if swap backing store is full
#   Decrease Java heap size (-Xmx/-Xms)
#   Decrease number of Java threads
#   Decrease Java thread stack sizes (-Xss)
#   Set larger code cache with -XX:ReservedCodeCacheSize=
#   JVM is running with Unscaled Compressed Oops mode in which the Java heap is
#     placed in the first 4GB address space. The Java Heap base address is the
#     maximum limit for the native heap growth. Please use -XX:HeapBaseMinAddress
#     to set the Java Heap base and to place the Java Heap above 4GB virtual address.
# This output file may be truncated or incomplete.
#
#  Out of Memory Error (./open/src/hotspot/share/memory/arena.cpp:197), pid=33864, tid=30740
#
# JRE version: Java(TM) SE Runtime Environment 18.9 (11.0.12+8) (build 11.0.12+8-LTS-237)
# Java VM: Java HotSpot(TM) 64-Bit Server VM 18.9 (11.0.12+8-LTS-237, mixed mode, tiered, compressed oops, g1 gc, windows-amd64)
# No core dump will be written. Minidumps are not enabled by default on client versions of Windows
#

---------------  S U M M A R Y ------------

Command Line: -Dfile.encoding=UTF-8 --module-path=C:\dev\mysql-connector-java-8.0.27\mysql-connector-java-8.0.27.jar view.RoomFrame

Host: Intel(R) Core(TM) i5-5250U CPU @ 1.60GHz, 4 cores, 7G,  Windows 10 , 64 bit Build 19041 (10.0.19041.1202)
Time: Sun Oct 31 01:07:35 2021 대한민국 표준시 elapsed time: 4.908382 seconds (0d 0h 0m 4s)

---------------  T H R E A D  ---------------

Current thread (0x000002237a360000):  JavaThread "C2 CompilerThread0" daemon [_thread_in_native, id=30740, stack(0x0000007f6eb00000,0x0000007f6ec00000)]


Current CompileTask:
C2:   4908 1588       4       sun.security.util.AbstractAlgorithmConstraints::checkAlgorithm (140 bytes)

Stack: [0x0000007f6eb00000,0x0000007f6ec00000]
Native frames: (J=compiled Java code, j=interpreted, Vv=VM code, C=native code)
V  [jvm.dll+0x617d9a]
V  [jvm.dll+0x74eeef]
V  [jvm.dll+0x750599]
V  [jvm.dll+0x750c23]
V  [jvm.dll+0x2438d8]
V  [jvm.dll+0xba6dc]
V  [jvm.dll+0xbac9c]
V  [jvm.dll+0x2b4564]
V  [jvm.dll+0x52cc86]
V  [jvm.dll+0x20515d]
V  [jvm.dll+0x1ff15a]
V  [jvm.dll+0x1fc1ca]
V  [jvm.dll+0x17f18c]
V  [jvm.dll+0x20b87c]
V  [jvm.dll+0x20997b]
V  [jvm.dll+0x716359]
V  [jvm.dll+0x70f064]
V  [jvm.dll+0x616f66]
C  [ucrtbase.dll+0x21bb2]
C  [KERNEL32.DLL+0x17034]
C  [ntdll.dll+0x52651]


---------------  P R O C E S S  ---------------

Threads class SMR info:
_java_thread_list=0x000002237b46e760, length=16, elements={
0x000002235b6b7000, 0x000002237a322800, 0x000002237a32d000, 0x000002237ac43000,
0x000002237a34c000, 0x000002237a34e000, 0x000002237a360000, 0x000002237a369000,
0x000002237a36c000, 0x000002237a2b9800, 0x000002237b206800, 0x000002237b256800,
0x000002237af9a000, 0x000002237b716800, 0x000002237b344000, 0x000002237d093800
}

Java Threads: ( => current thread )
  0x000002235b6b7000 JavaThread "main" [_thread_in_vm, id=40088, stack(0x0000007f6df00000,0x0000007f6e000000)]
  0x000002237a322800 JavaThread "Reference Handler" daemon [_thread_blocked, id=40184, stack(0x0000007f6e600000,0x0000007f6e700000)]
  0x000002237a32d000 JavaThread "Finalizer" daemon [_thread_blocked, id=25520, stack(0x0000007f6e700000,0x0000007f6e800000)]
  0x000002237ac43000 JavaThread "Signal Dispatcher" daemon [_thread_blocked, id=35512, stack(0x0000007f6e800000,0x0000007f6e900000)]
  0x000002237a34c000 JavaThread "Attach Listener" daemon [_thread_blocked, id=1532, stack(0x0000007f6e900000,0x0000007f6ea00000)]
  0x000002237a34e000 JavaThread "Service Thread" daemon [_thread_blocked, id=36580, stack(0x0000007f6ea00000,0x0000007f6eb00000)]
=>0x000002237a360000 JavaThread "C2 CompilerThread0" daemon [_thread_in_native, id=30740, stack(0x0000007f6eb00000,0x0000007f6ec00000)]
  0x000002237a369000 JavaThread "C1 CompilerThread0" daemon [_thread_blocked, id=31624, stack(0x0000007f6ec00000,0x0000007f6ed00000)]
  0x000002237a36c000 JavaThread "Sweeper thread" daemon [_thread_blocked, id=7488, stack(0x0000007f6ed00000,0x0000007f6ee00000)]
  0x000002237a2b9800 JavaThread "Common-Cleaner" daemon [_thread_blocked, id=11324, stack(0x0000007f6ee00000,0x0000007f6ef00000)]
  0x000002237b206800 JavaThread "Java2D Disposer" daemon [_thread_blocked, id=37112, stack(0x0000007f6f100000,0x0000007f6f200000)]
  0x000002237b256800 JavaThread "AWT-Shutdown" [_thread_blocked, id=31840, stack(0x0000007f6f200000,0x0000007f6f300000)]
  0x000002237af9a000 JavaThread "AWT-Windows" daemon [_thread_in_native, id=17148, stack(0x0000007f6f300000,0x0000007f6f400000)]
  0x000002237b716800 JavaThread "Image Fetcher 0" daemon [_thread_blocked, id=30396, stack(0x0000007f6f400000,0x0000007f6f500000)]
  0x000002237b344000 JavaThread "AWT-EventQueue-0" [_thread_blocked, id=25392, stack(0x0000007f6f500000,0x0000007f6f600000)]
  0x000002237d093800 JavaThread "mysql-cj-abandoned-connection-cleanup" daemon [_thread_blocked, id=38500, stack(0x0000007f6ef00000,0x0000007f6f000000)]

Other Threads:
  0x000002237a2fe000 VMThread "VM Thread" [stack: 0x0000007f6e500000,0x0000007f6e600000] [id=24496]
  0x000002237b008800 WatcherThread [stack: 0x0000007f6f000000,0x0000007f6f100000] [id=39672]
  0x000002235b6cc000 GCTaskThread "GC Thread#0" [stack: 0x0000007f6e000000,0x0000007f6e100000] [id=40300]
  0x000002237b3f4800 GCTaskThread "GC Thread#1" [stack: 0x0000007f6f600000,0x0000007f6f700000] [id=40060]
  0x000002237b3f5000 GCTaskThread "GC Thread#2" [stack: 0x0000007f6f700000,0x0000007f6f800000] [id=20744]
  0x000002237b3f5800 GCTaskThread "GC Thread#3" [stack: 0x0000007f6f800000,0x0000007f6f900000] [id=34948]
  0x000002235b6fe800 ConcurrentGCThread "G1 Main Marker" [stack: 0x0000007f6e100000,0x0000007f6e200000] [id=36372]
  0x000002235b700000 ConcurrentGCThread "G1 Conc#0" [stack: 0x0000007f6e200000,0x0000007f6e300000] [id=13188]
  0x000002235b794800 ConcurrentGCThread "G1 Refine#0" [stack: 0x0000007f6e300000,0x0000007f6e400000] [id=19164]
  0x000002235b797000 ConcurrentGCThread "G1 Young RemSet Sampling" [stack: 0x0000007f6e400000,0x0000007f6e500000] [id=24272]

Threads with active compile tasks:
C2 CompilerThread0   4964 1588       4       sun.security.util.AbstractAlgorithmConstraints::checkAlgorithm (140 bytes)

VM state:not at safepoint (normal execution)

VM Mutex/Monitor currently owned by a thread:  ([mutex/lock_event])
[0x000002235b6b27f0] SystemDictionary_lock - owner thread: 0x0000000000000000

Heap address: 0x0000000081800000, size: 2024 MB, Compressed Oops mode: 32-bit
Narrow klass base: 0x0000000000000000, Narrow klass shift: 3
Compressed class space size: 1073741824 Address: 0x0000000100000000

Heap:
 garbage-first heap   total 131072K, used 9662K [0x0000000081800000, 0x0000000100000000)
  region size 1024K, 3 young (3072K), 1 survivors (1024K)
 Metaspace       used 22872K, capacity 23392K, committed 23552K, reserved 1075200K
  class space    used 2543K, capacity 2806K, committed 2816K, reserved 1048576K
Heap Regions: E=young(eden), S=young(survivor), O=old, HS=humongous(starts), HC=humongous(continues), CS=collection set, F=free, A=archive, TAMS=top-at-mark-start (previous, next)
|   0|0x0000000081800000, 0x0000000081900000, 0x0000000081900000|100%|HS|  |TAMS 0x0000000081900000, 0x0000000081800000| Complete 
|   1|0x0000000081900000, 0x0000000081a00000, 0x0000000081a00000|100%|HC|  |TAMS 0x0000000081a00000, 0x0000000081900000| Complete 
|   2|0x0000000081a00000, 0x0000000081b00000, 0x0000000081b00000|100%|HS|  |TAMS 0x0000000081b00000, 0x0000000081a00000| Complete 
|   3|0x0000000081b00000, 0x0000000081c00000, 0x0000000081c00000|100%| O|  |TAMS 0x0000000081c00000, 0x0000000081b00000| Untracked 
|   4|0x0000000081c00000, 0x0000000081d00000, 0x0000000081d00000|100%| O|  |TAMS 0x0000000081d00000, 0x0000000081c00000| Untracked 
|   5|0x0000000081d00000, 0x0000000081e00000, 0x0000000081e00000|100%| O|  |TAMS 0x0000000081e00000, 0x0000000081d00000| Untracked 
|   6|0x0000000081e00000, 0x0000000081f00000, 0x0000000081f00000|100%| O|  |TAMS 0x0000000081f00000, 0x0000000081e00000| Untracked 
|   7|0x0000000081f00000, 0x0000000081fe1e00, 0x0000000082000000| 88%| O|  |TAMS 0x0000000081fe1e00, 0x0000000081f00000| Untracked 
|   8|0x0000000082000000, 0x0000000082000000, 0x0000000082100000|  0%| F|  |TAMS 0x0000000082000000, 0x0000000082000000| Untracked 
|   9|0x0000000082100000, 0x0000000082100000, 0x0000000082200000|  0%| F|  |TAMS 0x0000000082100000, 0x0000000082100000| Untracked 
|  10|0x0000000082200000, 0x0000000082200000, 0x0000000082300000|  0%| F|  |TAMS 0x0000000082200000, 0x0000000082200000| Untracked 
|  11|0x0000000082300000, 0x0000000082300000, 0x0000000082400000|  0%| F|  |TAMS 0x0000000082300000, 0x0000000082300000| Untracked 
|  12|0x0000000082400000, 0x0000000082400000, 0x0000000082500000|  0%| F|  |TAMS 0x0000000082400000, 0x0000000082400000| Untracked 
|  13|0x0000000082500000, 0x0000000082500000, 0x0000000082600000|  0%| F|  |TAMS 0x0000000082500000, 0x0000000082500000| Untracked 
|  14|0x0000000082600000, 0x0000000082600000, 0x0000000082700000|  0%| F|  |TAMS 0x0000000082600000, 0x0000000082600000| Untracked 
|  15|0x0000000082700000, 0x0000000082700000, 0x0000000082800000|  0%| F|  |TAMS 0x0000000082700000, 0x0000000082700000| Untracked 
|  16|0x0000000082800000, 0x0000000082800000, 0x0000000082900000|  0%| F|  |TAMS 0x0000000082800000, 0x0000000082800000| Untracked 
|  17|0x0000000082900000, 0x0000000082900000, 0x0000000082a00000|  0%| F|  |TAMS 0x0000000082900000, 0x0000000082900000| Untracked 
|  18|0x0000000082a00000, 0x0000000082a00000, 0x0000000082b00000|  0%| F|  |TAMS 0x0000000082a00000, 0x0000000082a00000| Untracked 
|  19|0x0000000082b00000, 0x0000000082b00000, 0x0000000082c00000|  0%| F|  |TAMS 0x0000000082b00000, 0x0000000082b00000| Untracked 
|  20|0x0000000082c00000, 0x0000000082c00000, 0x0000000082d00000|  0%| F|  |TAMS 0x0000000082c00000, 0x0000000082c00000| Untracked 
|  21|0x0000000082d00000, 0x0000000082d00000, 0x0000000082e00000|  0%| F|  |TAMS 0x0000000082d00000, 0x0000000082d00000| Untracked 
|  22|0x0000000082e00000, 0x0000000082e00000, 0x0000000082f00000|  0%| F|  |TAMS 0x0000000082e00000, 0x0000000082e00000| Untracked 
|  23|0x0000000082f00000, 0x0000000082f00000, 0x0000000083000000|  0%| F|  |TAMS 0x0000000082f00000, 0x0000000082f00000| Untracked 
|  24|0x0000000083000000, 0x0000000083000000, 0x0000000083100000|  0%| F|  |TAMS 0x0000000083000000, 0x0000000083000000| Untracked 
|  25|0x0000000083100000, 0x0000000083100000, 0x0000000083200000|  0%| F|  |TAMS 0x0000000083100000, 0x0000000083100000| Untracked 
|  26|0x0000000083200000, 0x0000000083200000, 0x0000000083300000|  0%| F|  |TAMS 0x0000000083200000, 0x0000000083200000| Untracked 
|  27|0x0000000083300000, 0x0000000083300000, 0x0000000083400000|  0%| F|  |TAMS 0x0000000083300000, 0x0000000083300000| Untracked 
|  28|0x0000000083400000, 0x0000000083400000, 0x0000000083500000|  0%| F|  |TAMS 0x0000000083400000, 0x0000000083400000| Untracked 
|  29|0x0000000083500000, 0x0000000083500000, 0x0000000083600000|  0%| F|  |TAMS 0x0000000083500000, 0x0000000083500000| Untracked 
|  30|0x0000000083600000, 0x0000000083600000, 0x0000000083700000|  0%| F|  |TAMS 0x0000000083600000, 0x0000000083600000| Untracked 
|  31|0x0000000083700000, 0x0000000083700000, 0x0000000083800000|  0%| F|  |TAMS 0x0000000083700000, 0x0000000083700000| Untracked 
|  32|0x0000000083800000, 0x0000000083800000, 0x0000000083900000|  0%| F|  |TAMS 0x0000000083800000, 0x0000000083800000| Untracked 
|  33|0x0000000083900000, 0x0000000083900000, 0x0000000083a00000|  0%| F|  |TAMS 0x0000000083900000, 0x0000000083900000| Untracked 
|  34|0x0000000083a00000, 0x0000000083a00000, 0x0000000083b00000|  0%| F|  |TAMS 0x0000000083a00000, 0x0000000083a00000| Untracked 
|  35|0x0000000083b00000, 0x0000000083b00000, 0x0000000083c00000|  0%| F|  |TAMS 0x0000000083b00000, 0x0000000083b00000| Untracked 
|  36|0x0000000083c00000, 0x0000000083c00000, 0x0000000083d00000|  0%| F|  |TAMS 0x0000000083c00000, 0x0000000083c00000| Untracked 
|  37|0x0000000083d00000, 0x0000000083d00000, 0x0000000083e00000|  0%| F|  |TAMS 0x0000000083d00000, 0x0000000083d00000| Untracked 
|  38|0x0000000083e00000, 0x0000000083e00000, 0x0000000083f00000|  0%| F|  |TAMS 0x0000000083e00000, 0x0000000083e00000| Untracked 
|  39|0x0000000083f00000, 0x0000000083f00000, 0x0000000084000000|  0%| F|  |TAMS 0x0000000083f00000, 0x0000000083f00000| Untracked 
|  40|0x0000000084000000, 0x0000000084000000, 0x0000000084100000|  0%| F|  |TAMS 0x0000000084000000, 0x0000000084000000| Untracked 
|  41|0x0000000084100000, 0x0000000084100000, 0x0000000084200000|  0%| F|  |TAMS 0x0000000084100000, 0x0000000084100000| Untracked 
|  42|0x0000000084200000, 0x0000000084200000, 0x0000000084300000|  0%| F|  |TAMS 0x0000000084200000, 0x0000000084200000| Untracked 
|  43|0x0000000084300000, 0x0000000084300000, 0x0000000084400000|  0%| F|  |TAMS 0x0000000084300000, 0x0000000084300000| Untracked 
|  44|0x0000000084400000, 0x0000000084400000, 0x0000000084500000|  0%| F|  |TAMS 0x0000000084400000, 0x0000000084400000| Untracked 
|  45|0x0000000084500000, 0x0000000084500000, 0x0000000084600000|  0%| F|  |TAMS 0x0000000084500000, 0x0000000084500000| Untracked 
|  46|0x0000000084600000, 0x0000000084600000, 0x0000000084700000|  0%| F|  |TAMS 0x0000000084600000, 0x0000000084600000| Untracked 
|  47|0x0000000084700000, 0x0000000084700000, 0x0000000084800000|  0%| F|  |TAMS 0x0000000084700000, 0x0000000084700000| Untracked 
|  48|0x0000000084800000, 0x0000000084800000, 0x0000000084900000|  0%| F|  |TAMS 0x0000000084800000, 0x0000000084800000| Untracked 
|  49|0x0000000084900000, 0x0000000084900000, 0x0000000084a00000|  0%| F|  |TAMS 0x0000000084900000, 0x0000000084900000| Untracked 
|  50|0x0000000084a00000, 0x0000000084a00000, 0x0000000084b00000|  0%| F|  |TAMS 0x0000000084a00000, 0x0000000084a00000| Untracked 
|  51|0x0000000084b00000, 0x0000000084b00000, 0x0000000084c00000|  0%| F|  |TAMS 0x0000000084b00000, 0x0000000084b00000| Untracked 
|  52|0x0000000084c00000, 0x0000000084c00000, 0x0000000084d00000|  0%| F|  |TAMS 0x0000000084c00000, 0x0000000084c00000| Untracked 
|  53|0x0000000084d00000, 0x0000000084d00000, 0x0000000084e00000|  0%| F|  |TAMS 0x0000000084d00000, 0x0000000084d00000| Untracked 
|  54|0x0000000084e00000, 0x0000000084e00000, 0x0000000084f00000|  0%| F|  |TAMS 0x0000000084e00000, 0x0000000084e00000| Untracked 
|  55|0x0000000084f00000, 0x0000000084f00000, 0x0000000085000000|  0%| F|  |TAMS 0x0000000084f00000, 0x0000000084f00000| Untracked 
|  56|0x0000000085000000, 0x0000000085000000, 0x0000000085100000|  0%| F|  |TAMS 0x0000000085000000, 0x0000000085000000| Untracked 
|  57|0x0000000085100000, 0x0000000085100000, 0x0000000085200000|  0%| F|  |TAMS 0x0000000085100000, 0x0000000085100000| Untracked 
|  58|0x0000000085200000, 0x0000000085200000, 0x0000000085300000|  0%| F|  |TAMS 0x0000000085200000, 0x0000000085200000| Untracked 
|  59|0x0000000085300000, 0x0000000085300000, 0x0000000085400000|  0%| F|  |TAMS 0x0000000085300000, 0x0000000085300000| Untracked 
|  60|0x0000000085400000, 0x0000000085400000, 0x0000000085500000|  0%| F|  |TAMS 0x0000000085400000, 0x0000000085400000| Untracked 
|  61|0x0000000085500000, 0x0000000085500000, 0x0000000085600000|  0%| F|  |TAMS 0x0000000085500000, 0x0000000085500000| Untracked 
|  62|0x0000000085600000, 0x0000000085600000, 0x0000000085700000|  0%| F|  |TAMS 0x0000000085600000, 0x0000000085600000| Untracked 
|  63|0x0000000085700000, 0x0000000085700000, 0x0000000085800000|  0%| F|  |TAMS 0x0000000085700000, 0x0000000085700000| Untracked 
|  64|0x0000000085800000, 0x0000000085800000, 0x0000000085900000|  0%| F|  |TAMS 0x0000000085800000, 0x0000000085800000| Untracked 
|  65|0x0000000085900000, 0x0000000085900000, 0x0000000085a00000|  0%| F|  |TAMS 0x0000000085900000, 0x0000000085900000| Untracked 
|  66|0x0000000085a00000, 0x0000000085a00000, 0x0000000085b00000|  0%| F|  |TAMS 0x0000000085a00000, 0x0000000085a00000| Untracked 
|  67|0x0000000085b00000, 0x0000000085b00000, 0x0000000085c00000|  0%| F|  |TAMS 0x0000000085b00000, 0x0000000085b00000| Untracked 
|  68|0x0000000085c00000, 0x0000000085c00000, 0x0000000085d00000|  0%| F|  |TAMS 0x0000000085c00000, 0x0000000085c00000| Untracked 
|  69|0x0000000085d00000, 0x0000000085d00000, 0x0000000085e00000|  0%| F|  |TAMS 0x0000000085d00000, 0x0000000085d00000| Untracked 
|  70|0x0000000085e00000, 0x0000000085e00000, 0x0000000085f00000|  0%| F|  |TAMS 0x0000000085e00000, 0x0000000085e00000| Untracked 
|  71|0x0000000085f00000, 0x0000000085f00000, 0x0000000086000000|  0%| F|  |TAMS 0x0000000085f00000, 0x0000000085f00000| Untracked 
|  72|0x0000000086000000, 0x0000000086000000, 0x0000000086100000|  0%| F|  |TAMS 0x0000000086000000, 0x0000000086000000| Untracked 
|  73|0x0000000086100000, 0x0000000086100000, 0x0000000086200000|  0%| F|  |TAMS 0x0000000086100000, 0x0000000086100000| Untracked 
|  74|0x0000000086200000, 0x0000000086200000, 0x0000000086300000|  0%| F|  |TAMS 0x0000000086200000, 0x0000000086200000| Untracked 
|  75|0x0000000086300000, 0x0000000086300000, 0x0000000086400000|  0%| F|  |TAMS 0x0000000086300000, 0x0000000086300000| Untracked 
|  76|0x0000000086400000, 0x0000000086400000, 0x0000000086500000|  0%| F|  |TAMS 0x0000000086400000, 0x0000000086400000| Untracked 
|  77|0x0000000086500000, 0x0000000086500000, 0x0000000086600000|  0%| F|  |TAMS 0x0000000086500000, 0x0000000086500000| Untracked 
|  78|0x0000000086600000, 0x0000000086600000, 0x0000000086700000|  0%| F|  |TAMS 0x0000000086600000, 0x0000000086600000| Untracked 
|  79|0x0000000086700000, 0x0000000086700000, 0x0000000086800000|  0%| F|  |TAMS 0x0000000086700000, 0x0000000086700000| Untracked 
|  80|0x0000000086800000, 0x0000000086800000, 0x0000000086900000|  0%| F|  |TAMS 0x0000000086800000, 0x0000000086800000| Untracked 
|  81|0x0000000086900000, 0x0000000086900000, 0x0000000086a00000|  0%| F|  |TAMS 0x0000000086900000, 0x0000000086900000| Untracked 
|  82|0x0000000086a00000, 0x0000000086a00000, 0x0000000086b00000|  0%| F|  |TAMS 0x0000000086a00000, 0x0000000086a00000| Untracked 
|  83|0x0000000086b00000, 0x0000000086b00000, 0x0000000086c00000|  0%| F|  |TAMS 0x0000000086b00000, 0x0000000086b00000| Untracked 
|  84|0x0000000086c00000, 0x0000000086c00000, 0x0000000086d00000|  0%| F|  |TAMS 0x0000000086c00000, 0x0000000086c00000| Untracked 
|  85|0x0000000086d00000, 0x0000000086d00000, 0x0000000086e00000|  0%| F|  |TAMS 0x0000000086d00000, 0x0000000086d00000| Untracked 
|  86|0x0000000086e00000, 0x0000000086e00000, 0x0000000086f00000|  0%| F|  |TAMS 0x0000000086e00000, 0x0000000086e00000| Untracked 
|  87|0x0000000086f00000, 0x0000000086f00000, 0x0000000087000000|  0%| F|  |TAMS 0x0000000086f00000, 0x0000000086f00000| Untracked 
|  88|0x0000000087000000, 0x0000000087000000, 0x0000000087100000|  0%| F|  |TAMS 0x0000000087000000, 0x0000000087000000| Untracked 
|  89|0x0000000087100000, 0x0000000087100000, 0x0000000087200000|  0%| F|  |TAMS 0x0000000087100000, 0x0000000087100000| Untracked 
|  90|0x0000000087200000, 0x0000000087200000, 0x0000000087300000|  0%| F|  |TAMS 0x0000000087200000, 0x0000000087200000| Untracked 
|  91|0x0000000087300000, 0x0000000087300000, 0x0000000087400000|  0%| F|  |TAMS 0x0000000087300000, 0x0000000087300000| Untracked 
|  92|0x0000000087400000, 0x0000000087400000, 0x0000000087500000|  0%| F|  |TAMS 0x0000000087400000, 0x0000000087400000| Untracked 
|  93|0x0000000087500000, 0x0000000087500000, 0x0000000087600000|  0%| F|  |TAMS 0x0000000087500000, 0x0000000087500000| Untracked 
|  94|0x0000000087600000, 0x0000000087600000, 0x0000000087700000|  0%| F|  |TAMS 0x0000000087600000, 0x0000000087600000| Untracked 
|  95|0x0000000087700000, 0x0000000087700000, 0x0000000087800000|  0%| F|  |TAMS 0x0000000087700000, 0x0000000087700000| Untracked 
|  96|0x0000000087800000, 0x0000000087800000, 0x0000000087900000|  0%| F|  |TAMS 0x0000000087800000, 0x0000000087800000| Untracked 
|  97|0x0000000087900000, 0x0000000087900000, 0x0000000087a00000|  0%| F|  |TAMS 0x0000000087900000, 0x0000000087900000| Untracked 
|  98|0x0000000087a00000, 0x0000000087a00000, 0x0000000087b00000|  0%| F|  |TAMS 0x0000000087a00000, 0x0000000087a00000| Untracked 
|  99|0x0000000087b00000, 0x0000000087b00000, 0x0000000087c00000|  0%| F|  |TAMS 0x0000000087b00000, 0x0000000087b00000| Untracked 
| 100|0x0000000087c00000, 0x0000000087c00000, 0x0000000087d00000|  0%| F|  |TAMS 0x0000000087c00000, 0x0000000087c00000| Untracked 
| 101|0x0000000087d00000, 0x0000000087d00000, 0x0000000087e00000|  0%| F|  |TAMS 0x0000000087d00000, 0x0000000087d00000| Untracked 
| 102|0x0000000087e00000, 0x0000000087e00000, 0x0000000087f00000|  0%| F|  |TAMS 0x0000000087e00000, 0x0000000087e00000| Untracked 
| 103|0x0000000087f00000, 0x0000000087f00000, 0x0000000088000000|  0%| F|  |TAMS 0x0000000087f00000, 0x0000000087f00000| Untracked 
| 104|0x0000000088000000, 0x0000000088000000, 0x0000000088100000|  0%| F|  |TAMS 0x0000000088000000, 0x0000000088000000| Untracked 
| 105|0x0000000088100000, 0x0000000088100000, 0x0000000088200000|  0%| F|  |TAMS 0x0000000088100000, 0x0000000088100000| Untracked 
| 106|0x0000000088200000, 0x0000000088200000, 0x0000000088300000|  0%| F|  |TAMS 0x0000000088200000, 0x0000000088200000| Untracked 
| 107|0x0000000088300000, 0x0000000088300000, 0x0000000088400000|  0%| F|  |TAMS 0x0000000088300000, 0x0000000088300000| Untracked 
| 108|0x0000000088400000, 0x0000000088400000, 0x0000000088500000|  0%| F|  |TAMS 0x0000000088400000, 0x0000000088400000| Untracked 
| 109|0x0000000088500000, 0x0000000088500000, 0x0000000088600000|  0%| F|  |TAMS 0x0000000088500000, 0x0000000088500000| Untracked 
| 110|0x0000000088600000, 0x0000000088600000, 0x0000000088700000|  0%| F|  |TAMS 0x0000000088600000, 0x0000000088600000| Untracked 
| 111|0x0000000088700000, 0x0000000088700000, 0x0000000088800000|  0%| F|  |TAMS 0x0000000088700000, 0x0000000088700000| Untracked 
| 112|0x0000000088800000, 0x0000000088800000, 0x0000000088900000|  0%| F|  |TAMS 0x0000000088800000, 0x0000000088800000| Untracked 
| 113|0x0000000088900000, 0x0000000088900000, 0x0000000088a00000|  0%| F|  |TAMS 0x0000000088900000, 0x0000000088900000| Untracked 
| 114|0x0000000088a00000, 0x0000000088a00000, 0x0000000088b00000|  0%| F|  |TAMS 0x0000000088a00000, 0x0000000088a00000| Untracked 
| 115|0x0000000088b00000, 0x0000000088b00000, 0x0000000088c00000|  0%| F|  |TAMS 0x0000000088b00000, 0x0000000088b00000| Untracked 
| 116|0x0000000088c00000, 0x0000000088c00000, 0x0000000088d00000|  0%| F|  |TAMS 0x0000000088c00000, 0x0000000088c00000| Untracked 
| 117|0x0000000088d00000, 0x0000000088d00000, 0x0000000088e00000|  0%| F|  |TAMS 0x0000000088d00000, 0x0000000088d00000| Untracked 
| 118|0x0000000088e00000, 0x0000000088e00000, 0x0000000088f00000|  0%| F|  |TAMS 0x0000000088e00000, 0x0000000088e00000| Untracked 
| 119|0x0000000088f00000, 0x0000000088f00000, 0x0000000089000000|  0%| F|  |TAMS 0x0000000088f00000, 0x0000000088f00000| Untracked 
| 120|0x0000000089000000, 0x0000000089000000, 0x0000000089100000|  0%| F|  |TAMS 0x0000000089000000, 0x0000000089000000| Untracked 
| 121|0x0000000089100000, 0x0000000089100000, 0x0000000089200000|  0%| F|  |TAMS 0x0000000089100000, 0x0000000089100000| Untracked 
| 122|0x0000000089200000, 0x0000000089200000, 0x0000000089300000|  0%| F|  |TAMS 0x0000000089200000, 0x0000000089200000| Untracked 
| 123|0x0000000089300000, 0x0000000089300000, 0x0000000089400000|  0%| F|  |TAMS 0x0000000089300000, 0x0000000089300000| Untracked 
| 124|0x0000000089400000, 0x000000008948dba0, 0x0000000089500000| 55%| S|CS|TAMS 0x0000000089400000, 0x0000000089400000| Complete 
| 125|0x0000000089500000, 0x0000000089500000, 0x0000000089600000|  0%| F|  |TAMS 0x0000000089500000, 0x0000000089500000| Untracked 
| 126|0x0000000089600000, 0x0000000089680800, 0x0000000089700000| 50%| E|  |TAMS 0x0000000089600000, 0x0000000089600000| Complete 
| 127|0x0000000089700000, 0x0000000089800000, 0x0000000089800000|100%| E|CS|TAMS 0x0000000089700000, 0x0000000089700000| Complete 

Card table byte_map: [0x00000223735a0000,0x00000223739a0000] _byte_map_base: 0x0000022373194000

Marking Bits (Prev, Next): (CMBitMap*) 0x000002235b6f5ab8, (CMBitMap*) 0x000002235b6f5af0
 Prev Bits: [0x0000022373da0000, 0x0000022375d40000)
 Next Bits: [0x0000022375d40000, 0x0000022377ce0000)

Polling page: 0x0000022359d80000

Metaspace:

Usage:
  Non-class:     20.17 MB capacity,    19.89 MB ( 99%) used,   223.34 KB (  1%) free+waste,    64.00 KB ( <1%) overhead. 
      Class:      2.74 MB capacity,     2.49 MB ( 91%) used,   227.59 KB (  8%) free+waste,    32.69 KB (  1%) overhead. 
       Both:     22.91 MB capacity,    22.37 MB ( 98%) used,   450.93 KB (  2%) free+waste,    96.69 KB ( <1%) overhead. 

Virtual space:
  Non-class space:       26.00 MB reserved,      20.25 MB ( 78%) committed 
      Class space:        1.00 GB reserved,       2.75 MB ( <1%) committed 
             Both:        1.03 GB reserved,      23.00 MB (  2%) committed 

Chunk freelists:
   Non-Class:  2.75 KB
       Class:  1.25 KB
        Both:  4.00 KB

CodeHeap 'non-profiled nmethods': size=120064Kb used=588Kb max_used=588Kb free=119475Kb
 bounds [0x000002236b640000, 0x000002236b8b0000, 0x0000022372b80000]
CodeHeap 'profiled nmethods': size=120000Kb used=2907Kb max_used=2907Kb free=117093Kb
 bounds [0x0000022364110000, 0x00000223643f0000, 0x000002236b640000]
CodeHeap 'non-nmethods': size=5696Kb used=1260Kb max_used=1276Kb free=4436Kb
 bounds [0x0000022363b80000, 0x0000022363df0000, 0x0000022364110000]
 total_blobs=2305 nmethods=1652 adapters=564
 compilation: enabled
              stopped_count=0, restarted_count=0
 full_count=0

Compilation events (10 events):
Event: 4.889 Thread 0x000002237a369000 1611       3       sun.security.util.ObjectIdentifier::pack7Oid (42 bytes)
Event: 4.889 Thread 0x000002237a369000 nmethod 1611 0x00000223643d1d10 code [0x00000223643d1ec0, 0x00000223643d20a8]
Event: 4.889 Thread 0x000002237a369000 1610       3       sun.security.util.ObjectIdentifier::checkOidSize (51 bytes)
Event: 4.890 Thread 0x000002237a369000 nmethod 1610 0x00000223643d2190 code [0x00000223643d2420, 0x00000223643d2e68]
Event: 4.893 Thread 0x000002237a369000 1614       3       sun.security.util.AlgorithmDecomposer::decomposeImpl (128 bytes)
Event: 4.894 Thread 0x000002237a369000 nmethod 1614 0x00000223643d3210 code [0x00000223643d3480, 0x00000223643d4128]
Event: 4.897 Thread 0x000002237a369000 1615       3       java.math.BigInteger::bitLength (140 bytes)
Event: 4.897 Thread 0x000002237a369000 nmethod 1615 0x00000223643d4710 code [0x00000223643d4900, 0x00000223643d4e38]
Event: 4.897 Thread 0x000002237a369000 1616       1       java.security.AlgorithmParameters::getAlgorithm (5 bytes)
Event: 4.898 Thread 0x000002237a369000 nmethod 1616 0x000002236b6d2b90 code [0x000002236b6d2d20, 0x000002236b6d2dd8]

GC Heap History (8 events):
Event: 1.597 GC heap before
{Heap before GC invocations=0 (full 0):
 garbage-first heap   total 131072K, used 18432K [0x0000000081800000, 0x0000000100000000)
  region size 1024K, 14 young (14336K), 0 survivors (0K)
 Metaspace       used 15947K, capacity 16430K, committed 16640K, reserved 1064960K
  class space    used 1762K, capacity 1977K, committed 2048K, reserved 1048576K
}
Event: 1.605 GC heap after
{Heap after GC invocations=1 (full 0):
 garbage-first heap   total 131072K, used 5873K [0x0000000081800000, 0x0000000100000000)
  region size 1024K, 2 young (2048K), 2 survivors (2048K)
 Metaspace       used 15947K, capacity 16430K, committed 16640K, reserved 1064960K
  class space    used 1762K, capacity 1977K, committed 2048K, reserved 1048576K
}
Event: 1.998 GC heap before
{Heap before GC invocations=1 (full 0):
 garbage-first heap   total 131072K, used 15089K [0x0000000081800000, 0x0000000100000000)
  region size 1024K, 11 young (11264K), 2 survivors (2048K)
 Metaspace       used 19598K, capacity 20156K, committed 20352K, reserved 1067008K
  class space    used 2136K, capacity 2388K, committed 2432K, reserved 1048576K
}
Event: 2.004 GC heap after
{Heap after GC invocations=2 (full 0):
 garbage-first heap   total 131072K, used 8124K [0x0000000081800000, 0x0000000100000000)
  region size 1024K, 2 young (2048K), 2 survivors (2048K)
 Metaspace       used 19598K, capacity 20156K, committed 20352K, reserved 1067008K
  class space    used 2136K, capacity 2388K, committed 2432K, reserved 1048576K
}
Event: 2.145 GC heap before
{Heap before GC invocations=2 (full 0):
 garbage-first heap   total 131072K, used 11196K [0x0000000081800000, 0x0000000100000000)
  region size 1024K, 6 young (6144K), 2 survivors (2048K)
 Metaspace       used 20607K, capacity 21166K, committed 21248K, reserved 1069056K
  class space    used 2252K, capacity 2534K, committed 2560K, reserved 1048576K
}
Event: 2.148 GC heap after
{Heap after GC invocations=3 (full 0):
 garbage-first heap   total 131072K, used 8483K [0x0000000081800000, 0x0000000100000000)
  region size 1024K, 3 young (3072K), 3 survivors (3072K)
 Metaspace       used 20607K, capacity 21166K, committed 21248K, reserved 1069056K
  class space    used 2252K, capacity 2534K, committed 2560K, reserved 1048576K
}
Event: 4.879 GC heap before
{Heap before GC invocations=4 (full 0):
 garbage-first heap   total 131072K, used 10531K [0x0000000081800000, 0x0000000100000000)
  region size 1024K, 6 young (6144K), 3 survivors (3072K)
 Metaspace       used 22146K, capacity 22659K, committed 22784K, reserved 1075200K
  class space    used 2454K, capacity 2733K, committed 2816K, reserved 1048576K
}
Event: 4.883 GC heap after
{Heap after GC invocations=5 (full 0):
 garbage-first heap   total 131072K, used 8638K [0x0000000081800000, 0x0000000100000000)
  region size 1024K, 1 young (1024K), 1 survivors (1024K)
 Metaspace       used 22146K, capacity 22659K, committed 22784K, reserved 1075200K
  class space    used 2454K, capacity 2733K, committed 2816K, reserved 1048576K
}

Deoptimization events (10 events):
Event: 1.996 Thread 0x000002235b6b7000 Uncommon trap: reason=bimorphic_or_optimized_type_check action=maybe_recompile pc=0x000002236b68d3a8 method=java.util.concurrent.ConcurrentHashMap.get(Ljava/lang/Object;)Ljava/lang/Object; @ 149 c2
Event: 1.996 Thread 0x000002235b6b7000 Uncommon trap: reason=bimorphic_or_optimized_type_check action=maybe_recompile pc=0x000002236b68d3a8 method=java.util.concurrent.ConcurrentHashMap.get(Ljava/lang/Object;)Ljava/lang/Object; @ 149 c2
Event: 1.997 Thread 0x000002235b6b7000 Uncommon trap: reason=bimorphic_or_optimized_type_check action=maybe_recompile pc=0x000002236b68d3a8 method=java.util.concurrent.ConcurrentHashMap.get(Ljava/lang/Object;)Ljava/lang/Object; @ 149 c2
Event: 1.997 Thread 0x000002235b6b7000 Uncommon trap: reason=bimorphic_or_optimized_type_check action=maybe_recompile pc=0x000002236b68d3a8 method=java.util.concurrent.ConcurrentHashMap.get(Ljava/lang/Object;)Ljava/lang/Object; @ 149 c2
Event: 2.038 Thread 0x000002235b6b7000 Uncommon trap: reason=bimorphic_or_optimized_type_check action=maybe_recompile pc=0x000002236b6bc2d4 method=java.util.regex.Pattern$BmpCharProperty.match(Ljava/util/regex/Matcher;ILjava/lang/CharSequence;)Z @ 36 c2
Event: 2.043 Thread 0x000002235b6b7000 Uncommon trap: reason=bimorphic_or_optimized_type_check action=maybe_recompile pc=0x000002236b6bc2d4 method=java.util.regex.Pattern$BmpCharProperty.match(Ljava/util/regex/Matcher;ILjava/lang/CharSequence;)Z @ 36 c2
Event: 2.117 Thread 0x000002235b6b7000 Uncommon trap: reason=unstable_if action=reinterpret pc=0x000002236b6c6188 method=java.lang.StringLatin1.regionMatchesCI([BI[BII)Z @ 9 c2
Event: 4.840 Thread 0x000002235b6b7000 Uncommon trap: reason=intrinsic_or_type_checked_inlining action=make_not_entrant pc=0x000002236b6bb378 method=java.util.Arrays.copyOf([Ljava/lang/Object;ILjava/lang/Class;)[Ljava/lang/Object; @ 35 c2
Event: 4.850 Thread 0x000002235b6b7000 Uncommon trap: reason=unstable_if action=reinterpret pc=0x000002236b6581cc method=java.util.HashMap.putVal(ILjava/lang/Object;Ljava/lang/Object;ZZ)Ljava/lang/Object; @ 162 c2
Event: 4.853 Thread 0x000002235b6b7000 Uncommon trap: reason=unstable_if action=reinterpret pc=0x000002236b6c9a78 method=java.util.regex.Pattern$SliceI.match(Ljava/util/regex/Matcher;ILjava/lang/CharSequence;)Z @ 29 c2

Classes redefined (0 events):
No events

Internal exceptions (10 events):
Event: 1.503 Thread 0x000002235b6b7000 Exception <a 'java/lang/NoSuchMethodError'{0x0000000088bd13b0}: java.lang.invoke.DirectMethodHandle$Holder.invokeStatic(Ljava/lang/Object;Ljava/lang/Object;Ljava/lang/Object;Ljava/lang/Object;Ljava/lang/Object;Ljava/lang/Object;Ljava/lang/Object;Ljava/lan
Event: 1.712 Thread 0x000002235b6b7000 Exception <a 'java/lang/NoSuchMethodError'{0x00000000895388c8}: java.lang.invoke.DirectMethodHandle$Holder.invokeVirtual(Ljava/lang/Object;Ljava/lang/Object;Ljava/lang/Object;)Ljava/lang/Object;> (0x00000000895388c8) thrown at [./open/src/hotspot/share/in
Event: 1.948 Thread 0x000002235b6b7000 Exception <a 'java/lang/NoSuchMethodError'{0x0000000088f2ccb0}: java.lang.invoke.DirectMethodHandle$Holder.invokeStaticInit(Ljava/lang/Object;Ljava/lang/Object;)V> (0x0000000088f2ccb0) thrown at [./open/src/hotspot/share/interpreter/linkResolver.cpp, line
Event: 2.031 Thread 0x000002235b6b7000 Exception <a 'java/lang/NoSuchMethodError'{0x0000000089759358}: java.lang.invoke.DirectMethodHandle$Holder.invokeStatic(Ljava/lang/Object;IIII)Ljava/lang/Object;> (0x0000000089759358) thrown at [./open/src/hotspot/share/interpreter/linkResolver.cpp, line 
Event: 2.031 Thread 0x000002235b6b7000 Exception <a 'java/lang/NoSuchMethodError'{0x000000008975c470}: java.lang.invoke.DirectMethodHandle$Holder.invokeStaticInit(Ljava/lang/Object;IIII)Ljava/lang/Object;> (0x000000008975c470) thrown at [./open/src/hotspot/share/interpreter/linkResolver.cpp, l
Event: 2.034 Thread 0x000002235b6b7000 Exception <a 'sun/nio/fs/WindowsException'{0x0000000089762438}> (0x0000000089762438) thrown at [./open/src/hotspot/share/prims/jni.cpp, line 611]
Event: 2.050 Thread 0x000002235b6b7000 Exception <a 'java/lang/NoSuchMethodError'{0x00000000897b0a10}: java.lang.invoke.DirectMethodHandle$Holder.invokeStaticInit(Ljava/lang/Object;Ljava/lang/Object;Ljava/lang/Object;Ljava/lang/Object;)I> (0x00000000897b0a10) thrown at [./open/src/hotspot/shar
Event: 2.052 Thread 0x000002235b6b7000 Exception <a 'java/lang/NoSuchMethodError'{0x00000000897bdf30}: java.lang.invoke.DirectMethodHandle$Holder.invokeStaticInit(Ljava/lang/Object;Ljava/lang/Object;)I> (0x00000000897bdf30) thrown at [./open/src/hotspot/share/interpreter/linkResolver.cpp, line
Event: 4.822 Thread 0x000002235b6b7000 Exception <a 'java/lang/NoSuchMethodError'{0x00000000897a7448}: java.lang.invoke.DirectMethodHandle$Holder.invokeStatic(Ljava/lang/Object;Ljava/lang/Object;IIII)Ljava/lang/Object;> (0x00000000897a7448) thrown at [./open/src/hotspot/share/interpreter/linkR
Event: 4.822 Thread 0x000002235b6b7000 Exception <a 'java/lang/NoSuchMethodError'{0x00000000897aa790}: java.lang.invoke.DirectMethodHandle$Holder.invokeStaticInit(Ljava/lang/Object;Ljava/lang/Object;IIII)Ljava/lang/Object;> (0x00000000897aa790) thrown at [./open/src/hotspot/share/interpreter/l

Events (10 events):
Event: 4.886 loading class sun/security/provider/SHA2$SHA224
Event: 4.886 loading class sun/security/provider/SHA2$SHA224 done
Event: 4.886 loading class sun/security/rsa/RSASignature$SHA224withRSA
Event: 4.886 loading class sun/security/rsa/RSASignature
Event: 4.886 loading class sun/security/rsa/RSASignature done
Event: 4.886 loading class sun/security/rsa/RSASignature$SHA224withRSA done
Event: 4.886 loading class sun/security/x509/AlgorithmId
Event: 4.887 loading class sun/security/x509/AlgorithmId done
Event: 4.889 loading class sun/security/provider/DSA$SHA224withDSA
Event: 4.889 loading class sun/security/provider/DSA$SHA224withDSA done


Dynamic libraries:
0x00007ff62af00000 - 0x00007ff62af0f000 	C:\Program Files\Java\jdk-11.0.12\bin\javaw.exe
0x00007ff9d6e30000 - 0x00007ff9d7025000 	C:\WINDOWS\SYSTEM32\ntdll.dll
0x00007ff9d6000000 - 0x00007ff9d60be000 	C:\WINDOWS\System32\KERNEL32.DLL
0x00007ff9d4660000 - 0x00007ff9d4929000 	C:\WINDOWS\System32\KERNELBASE.dll
0x00007ff9d4d20000 - 0x00007ff9d4e20000 	C:\WINDOWS\System32\ucrtbase.dll
0x00007ff9cea80000 - 0x00007ff9cea95000 	C:\Program Files\Java\jdk-11.0.12\bin\VCRUNTIME140.dll
0x00007ff9cfa30000 - 0x00007ff9cfa48000 	C:\Program Files\Java\jdk-11.0.12\bin\jli.dll
0x00007ff9d6b20000 - 0x00007ff9d6bcc000 	C:\WINDOWS\System32\ADVAPI32.dll
0x00007ff9d6760000 - 0x00007ff9d67fe000 	C:\WINDOWS\System32\msvcrt.dll
0x00007ff9d6bd0000 - 0x00007ff9d6c6b000 	C:\WINDOWS\System32\sechost.dll
0x00007ff9d5e40000 - 0x00007ff9d5f6a000 	C:\WINDOWS\System32\RPCRT4.dll
0x00007ff9d61a0000 - 0x00007ff9d6341000 	C:\WINDOWS\System32\USER32.dll
0x00007ff9d4930000 - 0x00007ff9d4952000 	C:\WINDOWS\System32\win32u.dll
0x00007ff9d5f70000 - 0x00007ff9d5f9b000 	C:\WINDOWS\System32\GDI32.dll
0x00007ff9d4550000 - 0x00007ff9d465b000 	C:\WINDOWS\System32\gdi32full.dll
0x00007ff9c2130000 - 0x00007ff9c23ca000 	C:\WINDOWS\WinSxS\amd64_microsoft.windows.common-controls_6595b64144ccf1df_6.0.19041.1110_none_60b5254171f9507e\COMCTL32.dll
0x00007ff9d4c50000 - 0x00007ff9d4ced000 	C:\WINDOWS\System32\msvcp_win.dll
0x00007ff9cca60000 - 0x00007ff9cca6a000 	C:\WINDOWS\SYSTEM32\VERSION.dll
0x00007ff9d6730000 - 0x00007ff9d6760000 	C:\WINDOWS\System32\IMM32.DLL
0x00007ff9c0a70000 - 0x00007ff9c0b0b000 	C:\Program Files\Java\jdk-11.0.12\bin\msvcp140.dll
0x00007ff97fa60000 - 0x00007ff98055f000 	C:\Program Files\Java\jdk-11.0.12\bin\server\jvm.dll
0x00007ff9d4ee0000 - 0x00007ff9d4ee8000 	C:\WINDOWS\System32\PSAPI.DLL
0x00007ff9c0040000 - 0x00007ff9c0067000 	C:\WINDOWS\SYSTEM32\WINMM.dll
0x00007ff9cea70000 - 0x00007ff9cea79000 	C:\WINDOWS\SYSTEM32\WSOCK32.dll
0x00007ff9d6820000 - 0x00007ff9d688b000 	C:\WINDOWS\System32\WS2_32.dll
0x00007ff9d2dd0000 - 0x00007ff9d2de2000 	C:\WINDOWS\SYSTEM32\kernel.appcore.dll
0x00007ff9cea10000 - 0x00007ff9cea20000 	C:\Program Files\Java\jdk-11.0.12\bin\verify.dll
0x00007ff9ccdc0000 - 0x00007ff9ccfa4000 	C:\WINDOWS\SYSTEM32\DBGHELP.DLL
0x00007ff9ccd70000 - 0x00007ff9ccd9c000 	C:\WINDOWS\SYSTEM32\dbgcore.DLL
0x00007ff9d4b70000 - 0x00007ff9d4bf3000 	C:\WINDOWS\System32\bcryptPrimitives.dll
0x00007ff9cde00000 - 0x00007ff9cde28000 	C:\Program Files\Java\jdk-11.0.12\bin\java.dll
0x00007ff9cea00000 - 0x00007ff9cea0a000 	C:\Program Files\Java\jdk-11.0.12\bin\jimage.dll
0x00007ff9ce6d0000 - 0x00007ff9ce6e6000 	C:\Program Files\Java\jdk-11.0.12\bin\zip.dll
0x00007ff9d5520000 - 0x00007ff9d5c5f000 	C:\WINDOWS\System32\SHELL32.dll
0x00007ff9d2470000 - 0x00007ff9d2c00000 	C:\WINDOWS\SYSTEM32\windows.storage.dll
0x00007ff9d63d0000 - 0x00007ff9d6725000 	C:\WINDOWS\System32\combase.dll
0x00007ff9d3ed0000 - 0x00007ff9d3efc000 	C:\WINDOWS\SYSTEM32\Wldp.dll
0x00007ff9d6d40000 - 0x00007ff9d6ded000 	C:\WINDOWS\System32\SHCORE.dll
0x00007ff9d5d80000 - 0x00007ff9d5dd5000 	C:\WINDOWS\System32\shlwapi.dll
0x00007ff9d4490000 - 0x00007ff9d44af000 	C:\WINDOWS\SYSTEM32\profapi.dll
0x00007ff9ced10000 - 0x00007ff9ced29000 	C:\Program Files\Java\jdk-11.0.12\bin\net.dll
0x00007ff9cab70000 - 0x00007ff9cac78000 	C:\WINDOWS\SYSTEM32\WINHTTP.dll
0x00007ff9d3c30000 - 0x00007ff9d3c9a000 	C:\WINDOWS\system32\mswsock.dll
0x00007ff9cecf0000 - 0x00007ff9ced02000 	C:\Program Files\Java\jdk-11.0.12\bin\nio.dll
0x00007ff9a8580000 - 0x00007ff9a871a000 	C:\Program Files\Java\jdk-11.0.12\bin\awt.dll
0x00007ff9d6c70000 - 0x00007ff9d6d3d000 	C:\WINDOWS\System32\OLEAUT32.dll
0x00007ff9d17a0000 - 0x00007ff9d1830000 	C:\WINDOWS\SYSTEM32\apphelp.dll
0x00007ff9d1f60000 - 0x00007ff9d1f8f000 	C:\WINDOWS\system32\DWMAPI.DLL
0x00007ff9d1c60000 - 0x00007ff9d1cfe000 	C:\WINDOWS\system32\uxtheme.dll
0x00007ff9ad9b0000 - 0x00007ff9adad5000 	C:\WINDOWS\system32\opengl32.dll
0x00007ff9ade60000 - 0x00007ff9ade8c000 	C:\WINDOWS\SYSTEM32\GLU32.dll
0x00007ff9d5c60000 - 0x00007ff9d5d75000 	C:\WINDOWS\System32\MSCTF.dll
0x00007ff9ad8d0000 - 0x00007ff9ad96c000 	C:\WINDOWS\system32\IMGSF50Filter_x64.dll
0x00007ff9d6960000 - 0x00007ff9d6a8a000 	C:\WINDOWS\System32\ole32.dll
0x00007ff9cdb60000 - 0x00007ff9cdbe6000 	C:\Program Files\Java\jdk-11.0.12\bin\freetype.dll
0x00007ff9bb460000 - 0x00007ff9bb502000 	C:\Program Files\Java\jdk-11.0.12\bin\fontmanager.dll
0x00007ff9c8940000 - 0x00007ff9c8a39000 	C:\WINDOWS\SYSTEM32\textinputframework.dll
0x00007ff9d1560000 - 0x00007ff9d1652000 	C:\WINDOWS\System32\CoreMessaging.dll
0x00007ff9d1200000 - 0x00007ff9d155e000 	C:\WINDOWS\System32\CoreUIComponents.dll
0x00007ff9d0b30000 - 0x00007ff9d0c84000 	C:\WINDOWS\SYSTEM32\wintypes.dll
0x00007ff9d3240000 - 0x00007ff9d3273000 	C:\WINDOWS\SYSTEM32\ntmarta.dll
0x00007ff9d68b0000 - 0x00007ff9d6959000 	C:\WINDOWS\System32\clbcatq.dll
0x00007ff9a93c0000 - 0x00007ff9a9491000 	C:\Windows\System32\IME\IMEKR\imkrtip.dll
0x00007ff9d2cb0000 - 0x00007ff9d2da6000 	C:\WINDOWS\SYSTEM32\PROPSYS.dll
0x00007ff9a9270000 - 0x00007ff9a93b2000 	C:\Windows\System32\IME\shared\imetip.dll
0x00007ff9c2dc0000 - 0x00007ff9c2e26000 	C:\WINDOWS\SYSTEM32\OLEACC.dll
0x00007ff9a90c0000 - 0x00007ff9a926e000 	C:\WINDOWS\SYSTEM32\DUI70.dll
0x00007ff9a9540000 - 0x00007ff9a9581000 	C:\Windows\System32\IME\IMEKR\imkrapi.dll
0x00007ff9cd8e0000 - 0x00007ff9cd980000 	C:\WINDOWS\SYSTEM32\policymanager.dll
0x00007ff9d3640000 - 0x00007ff9d36ca000 	C:\WINDOWS\SYSTEM32\msvcp110_win.dll
0x00007ff9a9500000 - 0x00007ff9a953e000 	C:\Windows\System32\IME\shared\imjkapi.dll
0x00007ff9d3960000 - 0x00007ff9d3a2c000 	C:\WINDOWS\SYSTEM32\DNSAPI.dll
0x00007ff9d3920000 - 0x00007ff9d395b000 	C:\WINDOWS\SYSTEM32\IPHLPAPI.DLL
0x00007ff9d68a0000 - 0x00007ff9d68a8000 	C:\WINDOWS\System32\NSI.dll
0x00007ff9caac0000 - 0x00007ff9caaca000 	C:\Windows\System32\rasadhlp.dll
0x00007ff9ca9e0000 - 0x00007ff9caa5f000 	C:\WINDOWS\System32\fwpuclnt.dll
0x00007ff9d4cf0000 - 0x00007ff9d4d17000 	C:\WINDOWS\System32\bcrypt.dll
0x00007ff9cf920000 - 0x00007ff9cf92d000 	C:\Program Files\Java\jdk-11.0.12\bin\sunmscapi.dll
0x00007ff9d4960000 - 0x00007ff9d4ab6000 	C:\WINDOWS\System32\CRYPT32.dll
0x00007ff9d3f40000 - 0x00007ff9d3f67000 	C:\WINDOWS\SYSTEM32\ncrypt.dll
0x00007ff9d3f00000 - 0x00007ff9d3f3b000 	C:\WINDOWS\SYSTEM32\NTASN1.dll
0x00007ff9cbad0000 - 0x00007ff9cbaf5000 	C:\Program Files\Java\jdk-11.0.12\bin\sunec.dll
0x00007ff9d3e20000 - 0x00007ff9d3e38000 	C:\WINDOWS\SYSTEM32\CRYPTSP.dll
0x00007ff9d35b0000 - 0x00007ff9d35e4000 	C:\WINDOWS\system32\rsaenh.dll
0x00007ff9d4450000 - 0x00007ff9d447e000 	C:\WINDOWS\SYSTEM32\USERENV.dll
0x00007ff9d3e40000 - 0x00007ff9d3e4c000 	C:\WINDOWS\SYSTEM32\CRYPTBASE.dll
0x00007ff9ccd50000 - 0x00007ff9ccd67000 	C:\WINDOWS\SYSTEM32\dhcpcsvc6.DLL
0x00007ff9ccbf0000 - 0x00007ff9ccc0d000 	C:\WINDOWS\SYSTEM32\dhcpcsvc.DLL

dbghelp: loaded successfully - version: 4.0.5 - missing functions: none
symbol engine: initialized successfully - sym options: 0x614 - pdb path: .;C:\Program Files\Java\jdk-11.0.12\bin;C:\WINDOWS\SYSTEM32;C:\WINDOWS\WinSxS\amd64_microsoft.windows.common-controls_6595b64144ccf1df_6.0.19041.1110_none_60b5254171f9507e;C:\Program Files\Java\jdk-11.0.12\bin\server;C:\Windows\System32\IME\IMEKR;C:\Windows\System32\IME\shared

VM Arguments:
jvm_args: -Dfile.encoding=UTF-8 --module-path=C:\dev\mysql-connector-java-8.0.27\mysql-connector-java-8.0.27.jar 
java_command: view.RoomFrame
java_class_path (initial): C:\dev\workspace\project\bin
Launcher Type: SUN_STANDARD

[Global flags]
     intx CICompilerCount                          = 3                                         {product} {ergonomic}
     uint ConcGCThreads                            = 1                                         {product} {ergonomic}
     uint G1ConcRefinementThreads                  = 4                                         {product} {ergonomic}
   size_t G1HeapRegionSize                         = 1048576                                   {product} {ergonomic}
    uintx GCDrainStackTargetSize                   = 64                                        {product} {ergonomic}
   size_t InitialHeapSize                          = 134217728                                 {product} {ergonomic}
   size_t MarkStackSize                            = 4194304                                   {product} {ergonomic}
   size_t MaxHeapSize                              = 2122317824                                {product} {ergonomic}
   size_t MaxNewSize                               = 1272971264                                {product} {ergonomic}
   size_t MinHeapDeltaBytes                        = 1048576                                   {product} {ergonomic}
    uintx NonNMethodCodeHeapSize                   = 5830732                                {pd product} {ergonomic}
    uintx NonProfiledCodeHeapSize                  = 122913754                              {pd product} {ergonomic}
    uintx ProfiledCodeHeapSize                     = 122913754                              {pd product} {ergonomic}
    uintx ReservedCodeCacheSize                    = 251658240                              {pd product} {ergonomic}
     bool SegmentedCodeCache                       = true                                      {product} {ergonomic}
     bool UseCompressedClassPointers               = true                                 {lp64_product} {ergonomic}
     bool UseCompressedOops                        = true                                 {lp64_product} {ergonomic}
     bool UseG1GC                                  = true                                      {product} {ergonomic}
     bool UseLargePagesIndividualAllocation        = false                                  {pd product} {ergonomic}

Logging:
Log output configuration:
 #0: stdout all=warning uptime,level,tags
 #1: stderr all=off uptime,level,tags

Environment Variables:
JAVA_HOME=C:\Program Files\Java\jdk-11.0.12
PATH=C:\Program Files (x86)\NAT Service;C:\Program Files (x86)\VMware\VMware Player\bin\;C:\Program Files\Common Files\Oracle\Java\javapath;C:\Program Files (x86)\Intel\iCLS Client\;C:\Program Files\Intel\iCLS Client\;C:\WINDOWS\system32;C:\WINDOWS;C:\WINDOWS\System32\Wbem;C:\WINDOWS\System32\WindowsPowerShell\v1.0\;C:\WINDOWS\System32\OpenSSH\;C:\Program Files (x86)\PuTTY\;C:\Program Files\Common Files\Autodesk Shared\;C:\Program Files\Microsoft SQL Server\120\Tools\Binn\;C:\ProgramData\chocolatey\bin;C:\Program Files\Git\cmd;C:\Program Files\Java\jdk-11.0.12\bin;C:\Program Files (x86)\NAT Service;C:\Program Files (x86)\VMware\VMware Player\bin\;C:\Program Files\Common Files\Oracle\Java\javapath;C:\Program Files (x86)\Intel\iCLS Client\;C:\Program Files\Intel\iCLS Client\;C:\WINDOWS\system32;C:\WINDOWS;C:\WINDOWS\System32\Wbem;C:\WINDOWS\System32\WindowsPowerShell\v1.0\;C:\WINDOWS\System32\OpenSSH\;C:\Program Files (x86)\PuTTY\;C:\Program Files\Common Files\Autodesk Shared\;C:\Program Files\Microsoft SQL Server\120\Tools\Binn\;C:\ProgramData\chocolatey\bin;C:\Program Files\Git\cmd;C:\Program Files\Java\jdk-11.0.12\bin;C:\Program Files\MySQL\MySQL Server 8.0\bin;C:\Program Files\OpenCV4.4.0\build\x64\vc15\bin;C:\Program Files\MySQL\MySQL Shell 8.0\bin\;C:\Program Files (x86)\NAT Service;C:\Program Files (x86)\VMware\VMware Player\bin\;C:\Program Files\Common Files\Oracle\Java\javapath;C:\Program Files (x86)\Intel\iCLS Client\;C:\Program Files\Intel\iCLS Client\;C:\WINDOWS\system32;C:\WINDOWS;C:\WINDOWS\System32\Wbem;C:\WINDOWS\System32\WindowsPowerShell\v1.0\;C:\WINDOWS\System32\OpenSSH\;C:\Program Files (x86)\PuTTY\;C:\Program Files\Common Files\Autodesk Shared\;C:\Program Files\Microsoft SQL Server\120\Tools\Binn\;C:\ProgramData\chocolatey\bin;C:\Program Files\Git\cmd;C:\Program Files\Java\jdk-11.0.12\bin;C:\Program Files\Java\jdk-11.0.12\bin;
USERNAME=Windows
OS=Windows_NT
PROCESSOR_IDENTIFIER=Intel64 Family 6 Model 61 Stepping 4, GenuineIntel



---------------  S Y S T E M  ---------------

OS: Windows 10 , 64 bit Build 19041 (10.0.19041.1202)

CPU:total 4 (initial active 4) (2 cores per cpu, 2 threads per core) family 6 model 61 stepping 4 microcode 0x2e, cmov, cx8, fxsr, mmx, sse, sse2, sse3, ssse3, sse4.1, sse4.2, popcnt, avx, avx2, aes, clmul, erms, 3dnowpref, lzcnt, ht, tsc, tscinvbit, bmi1, bmi2, adx, fma

Memory: 4k page, system-wide physical 8094M (393M free)
TotalPageFile size 32199M (AvailPageFile size 3M)
current process WorkingSet (physical memory assigned to process): 105M, peak: 105M
current process commit charge ("private bytes"): 232M, peak: 232M

vm_info: Java HotSpot(TM) 64-Bit Server VM (11.0.12+8-LTS-237) for windows-amd64 JRE (11.0.12+8-LTS-237), built on Jun  8 2021 11:25:59 by "mach5one" with MS VC++ 15.9 (VS2017)

END.
